{"D:\\HotelManagementSystem\\server\\src\\controllers\\amenityController.ts": {"path":"D:\\HotelManagementSystem\\server\\src\\controllers\\amenityController.ts","statementMap":{"0":{"start":{"line":2,"column":0},"end":{"line":2,"column":40}},"1":{"start":{"line":4,"column":29},"end":{"line":12,"column":2}},"2":{"start":{"line":4,"column":82},"end":{"line":12,"column":2}},"3":{"start":{"line":5,"column":2},"end":{"line":11,"column":3}},"4":{"start":{"line":6,"column":27},"end":{"line":6,"column":35}},"5":{"start":{"line":7,"column":20},"end":{"line":7,"column":56}},"6":{"start":{"line":8,"column":4},"end":{"line":8,"column":34}},"7":{"start":{"line":10,"column":4},"end":{"line":10,"column":71}},"8":{"start":{"line":4,"column":13},"end":{"line":4,"column":29}},"9":{"start":{"line":14,"column":28},"end":{"line":21,"column":2}},"10":{"start":{"line":14,"column":81},"end":{"line":21,"column":2}},"11":{"start":{"line":15,"column":2},"end":{"line":20,"column":3}},"12":{"start":{"line":16,"column":22},"end":{"line":16,"column":60}},"13":{"start":{"line":17,"column":4},"end":{"line":17,"column":24}},"14":{"start":{"line":19,"column":4},"end":{"line":19,"column":73}},"15":{"start":{"line":14,"column":13},"end":{"line":14,"column":28}},"16":{"start":{"line":23,"column":29},"end":{"line":37,"column":2}},"17":{"start":{"line":23,"column":82},"end":{"line":37,"column":2}},"18":{"start":{"line":24,"column":2},"end":{"line":36,"column":3}},"19":{"start":{"line":25,"column":19},"end":{"line":25,"column":29}},"20":{"start":{"line":26,"column":20},"end":{"line":26,"column":94}},"21":{"start":{"line":28,"column":4},"end":{"line":31,"column":5}},"22":{"start":{"line":29,"column":6},"end":{"line":29,"column":61}},"23":{"start":{"line":30,"column":6},"end":{"line":30,"column":13}},"24":{"start":{"line":33,"column":4},"end":{"line":33,"column":22}},"25":{"start":{"line":35,"column":4},"end":{"line":35,"column":71}},"26":{"start":{"line":23,"column":13},"end":{"line":23,"column":29}},"27":{"start":{"line":39,"column":29},"end":{"line":53,"column":2}},"28":{"start":{"line":39,"column":82},"end":{"line":53,"column":2}},"29":{"start":{"line":40,"column":2},"end":{"line":52,"column":3}},"30":{"start":{"line":41,"column":19},"end":{"line":41,"column":29}},"31":{"start":{"line":42,"column":20},"end":{"line":42,"column":105}},"32":{"start":{"line":44,"column":4},"end":{"line":47,"column":5}},"33":{"start":{"line":45,"column":6},"end":{"line":45,"column":61}},"34":{"start":{"line":46,"column":6},"end":{"line":46,"column":13}},"35":{"start":{"line":49,"column":4},"end":{"line":49,"column":72}},"36":{"start":{"line":51,"column":4},"end":{"line":51,"column":71}},"37":{"start":{"line":39,"column":13},"end":{"line":39,"column":29}}},"fnMap":{"0":{"name":"(anonymous_8)","decl":{"start":{"line":4,"column":29},"end":{"line":4,"column":36}},"loc":{"start":{"line":4,"column":82},"end":{"line":12,"column":2}}},"1":{"name":"(anonymous_9)","decl":{"start":{"line":4,"column":82},"end":{"line":4,"column":null}},"loc":{"start":{"line":4,"column":82},"end":{"line":12,"column":1}}},"2":{"name":"(anonymous_10)","decl":{"start":{"line":14,"column":28},"end":{"line":14,"column":35}},"loc":{"start":{"line":14,"column":81},"end":{"line":21,"column":2}}},"3":{"name":"(anonymous_11)","decl":{"start":{"line":14,"column":81},"end":{"line":14,"column":null}},"loc":{"start":{"line":14,"column":81},"end":{"line":21,"column":1}}},"4":{"name":"(anonymous_12)","decl":{"start":{"line":23,"column":29},"end":{"line":23,"column":36}},"loc":{"start":{"line":23,"column":82},"end":{"line":37,"column":2}}},"5":{"name":"(anonymous_13)","decl":{"start":{"line":23,"column":82},"end":{"line":23,"column":null}},"loc":{"start":{"line":23,"column":82},"end":{"line":37,"column":1}}},"6":{"name":"(anonymous_14)","decl":{"start":{"line":39,"column":29},"end":{"line":39,"column":36}},"loc":{"start":{"line":39,"column":82},"end":{"line":53,"column":2}}},"7":{"name":"(anonymous_15)","decl":{"start":{"line":39,"column":82},"end":{"line":39,"column":null}},"loc":{"start":{"line":39,"column":82},"end":{"line":53,"column":1}}}},"branchMap":{"0":{"loc":{"start":{"line":28,"column":4},"end":{"line":31,"column":5}},"type":"if","locations":[{"start":{"line":28,"column":4},"end":{"line":31,"column":5}},{"start":{},"end":{}}]},"1":{"loc":{"start":{"line":44,"column":4},"end":{"line":47,"column":5}},"type":"if","locations":[{"start":{"line":44,"column":4},"end":{"line":47,"column":5}},{"start":{},"end":{}}]}},"s":{"0":2,"1":2,"2":0,"3":0,"4":0,"5":0,"6":0,"7":0,"8":2,"9":2,"10":0,"11":0,"12":0,"13":0,"14":0,"15":2,"16":2,"17":0,"18":0,"19":0,"20":0,"21":0,"22":0,"23":0,"24":0,"25":0,"26":2,"27":2,"28":0,"29":0,"30":0,"31":0,"32":0,"33":0,"34":0,"35":0,"36":0,"37":2},"f":{"0":0,"1":0,"2":0,"3":0,"4":0,"5":0,"6":0,"7":0},"b":{"0":[0,0],"1":[0,0]}}
,"D:\\HotelManagementSystem\\server\\src\\controllers\\bookingController.ts": {"path":"D:\\HotelManagementSystem\\server\\src\\controllers\\bookingController.ts","statementMap":{"0":{"start":{"line":2,"column":0},"end":{"line":2,"column":40}},"1":{"start":{"line":3,"column":0},"end":{"line":3,"column":48}},"2":{"start":{"line":4,"column":0},"end":{"line":4,"column":34}},"3":{"start":{"line":5,"column":0},"end":{"line":5,"column":40}},"4":{"start":{"line":6,"column":0},"end":{"line":6,"column":50}},"5":{"start":{"line":7,"column":0},"end":{"line":7,"column":111}},"6":{"start":{"line":9,"column":0},"end":{"line":9,"column":56}},"7":{"start":{"line":10,"column":0},"end":{"line":10,"column":90}},"8":{"start":{"line":11,"column":0},"end":{"line":11,"column":90}},"9":{"start":{"line":13,"column":29},"end":{"line":203,"column":2}},"10":{"start":{"line":16,"column":19},"end":{"line":203,"column":2}},"11":{"start":{"line":17,"column":18},"end":{"line":17,"column":40}},"12":{"start":{"line":18,"column":25},"end":{"line":18,"column":51}},"13":{"start":{"line":19,"column":2},"end":{"line":19,"column":29}},"14":{"start":{"line":20,"column":2},"end":{"line":202,"column":3}},"15":{"start":{"line":31,"column":8},"end":{"line":31,"column":16}},"16":{"start":{"line":32,"column":20},"end":{"line":32,"column":32}},"17":{"start":{"line":34,"column":4},"end":{"line":39,"column":5}},"18":{"start":{"line":35,"column":6},"end":{"line":35,"column":56}},"19":{"start":{"line":36,"column":6},"end":{"line":36,"column":39}},"20":{"start":{"line":37,"column":6},"end":{"line":37,"column":27}},"21":{"start":{"line":38,"column":6},"end":{"line":38,"column":13}},"22":{"start":{"line":41,"column":4},"end":{"line":46,"column":5}},"23":{"start":{"line":42,"column":6},"end":{"line":42,"column":83}},"24":{"start":{"line":43,"column":6},"end":{"line":43,"column":39}},"25":{"start":{"line":44,"column":6},"end":{"line":44,"column":27}},"26":{"start":{"line":45,"column":6},"end":{"line":45,"column":13}},"27":{"start":{"line":48,"column":24},"end":{"line":48,"column":44}},"28":{"start":{"line":49,"column":25},"end":{"line":49,"column":46}},"29":{"start":{"line":52,"column":27},"end":{"line":54,"column":null}},"30":{"start":{"line":53,"column":32},"end":{"line":53,"column":49}},"31":{"start":{"line":56,"column":22},"end":{"line":56,"column":55}},"32":{"start":{"line":57,"column":26},"end":{"line":57,"column":52}},"33":{"start":{"line":59,"column":4},"end":{"line":68,"column":5}},"34":{"start":{"line":60,"column":6},"end":{"line":64,"column":11}},"35":{"start":{"line":65,"column":6},"end":{"line":65,"column":39}},"36":{"start":{"line":66,"column":6},"end":{"line":66,"column":27}},"37":{"start":{"line":67,"column":6},"end":{"line":67,"column":13}},"38":{"start":{"line":71,"column":4},"end":{"line":94,"column":5}},"39":{"start":{"line":72,"column":6},"end":{"line":93,"column":7}},"40":{"start":{"line":73,"column":23},"end":{"line":73,"column":32}},"41":{"start":{"line":76,"column":26},"end":{"line":80,"column":null}},"42":{"start":{"line":83,"column":8},"end":{"line":92,"column":9}},"43":{"start":{"line":84,"column":10},"end":{"line":88,"column":15}},"44":{"start":{"line":89,"column":10},"end":{"line":89,"column":43}},"45":{"start":{"line":90,"column":10},"end":{"line":90,"column":31}},"46":{"start":{"line":91,"column":10},"end":{"line":91,"column":17}},"47":{"start":{"line":96,"column":24},"end":{"line":96,"column":88}},"48":{"start":{"line":99,"column":24},"end":{"line":99,"column":47}},"49":{"start":{"line":100,"column":24},"end":{"line":100,"column":47}},"50":{"start":{"line":102,"column":4},"end":{"line":105,"column":5}},"51":{"start":{"line":103,"column":6},"end":{"line":103,"column":53}},"52":{"start":{"line":104,"column":6},"end":{"line":104,"column":44}},"53":{"start":{"line":108,"column":25},"end":{"line":125,"column":null}},"54":{"start":{"line":128,"column":20},"end":{"line":128,"column":42}},"55":{"start":{"line":131,"column":25},"end":{"line":145,"column":null}},"56":{"start":{"line":148,"column":20},"end":{"line":148,"column":42}},"57":{"start":{"line":151,"column":4},"end":{"line":151,"column":36}},"58":{"start":{"line":152,"column":4},"end":{"line":152,"column":39}},"59":{"start":{"line":154,"column":4},"end":{"line":161,"column":5}},"60":{"start":{"line":155,"column":6},"end":{"line":160,"column":8}},"61":{"start":{"line":163,"column":4},"end":{"line":177,"column":5}},"62":{"start":{"line":164,"column":22},"end":{"line":164,"column":61}},"63":{"start":{"line":164,"column":51},"end":{"line":164,"column":60}},"64":{"start":{"line":166,"column":8},"end":{"line":168,"column":31}},"65":{"start":{"line":170,"column":6},"end":{"line":176,"column":8}},"66":{"start":{"line":179,"column":4},"end":{"line":179,"column":38}},"67":{"start":{"line":180,"column":4},"end":{"line":180,"column":25}},"68":{"start":{"line":183,"column":4},"end":{"line":193,"column":5}},"69":{"start":{"line":184,"column":20},"end":{"line":189,"column":8}},"70":{"start":{"line":190,"column":6},"end":{"line":190,"column":161}},"71":{"start":{"line":192,"column":6},"end":{"line":192,"column":149}},"72":{"start":{"line":195,"column":4},"end":{"line":195,"column":34}},"73":{"start":{"line":197,"column":4},"end":{"line":197,"column":55}},"74":{"start":{"line":198,"column":4},"end":{"line":198,"column":37}},"75":{"start":{"line":199,"column":4},"end":{"line":199,"column":25}},"76":{"start":{"line":200,"column":4},"end":{"line":200,"column":50}},"77":{"start":{"line":201,"column":4},"end":{"line":201,"column":71}},"78":{"start":{"line":13,"column":13},"end":{"line":13,"column":29}},"79":{"start":{"line":205,"column":30},"end":{"line":262,"column":2}},"80":{"start":{"line":208,"column":19},"end":{"line":262,"column":2}},"81":{"start":{"line":209,"column":18},"end":{"line":209,"column":40}},"82":{"start":{"line":210,"column":25},"end":{"line":210,"column":51}},"83":{"start":{"line":211,"column":2},"end":{"line":211,"column":29}},"84":{"start":{"line":212,"column":2},"end":{"line":261,"column":3}},"85":{"start":{"line":213,"column":19},"end":{"line":213,"column":29}},"86":{"start":{"line":214,"column":20},"end":{"line":214,"column":68}},"87":{"start":{"line":215,"column":4},"end":{"line":218,"column":5}},"88":{"start":{"line":216,"column":6},"end":{"line":216,"column":61}},"89":{"start":{"line":217,"column":6},"end":{"line":217,"column":13}},"90":{"start":{"line":220,"column":4},"end":{"line":223,"column":5}},"91":{"start":{"line":221,"column":6},"end":{"line":221,"column":74}},"92":{"start":{"line":222,"column":6},"end":{"line":222,"column":13}},"93":{"start":{"line":226,"column":4},"end":{"line":226,"column":45}},"94":{"start":{"line":227,"column":4},"end":{"line":227,"column":39}},"95":{"start":{"line":230,"column":4},"end":{"line":238,"column":5}},"96":{"start":{"line":231,"column":6},"end":{"line":237,"column":8}},"97":{"start":{"line":240,"column":4},"end":{"line":240,"column":38}},"98":{"start":{"line":241,"column":4},"end":{"line":241,"column":25}},"99":{"start":{"line":244,"column":4},"end":{"line":254,"column":5}},"100":{"start":{"line":245,"column":20},"end":{"line":250,"column":8}},"101":{"start":{"line":251,"column":6},"end":{"line":251,"column":169}},"102":{"start":{"line":253,"column":6},"end":{"line":253,"column":157}},"103":{"start":{"line":256,"column":4},"end":{"line":256,"column":69}},"104":{"start":{"line":258,"column":4},"end":{"line":258,"column":37}},"105":{"start":{"line":259,"column":4},"end":{"line":259,"column":25}},"106":{"start":{"line":260,"column":4},"end":{"line":260,"column":73}},"107":{"start":{"line":205,"column":13},"end":{"line":205,"column":30}},"108":{"start":{"line":264,"column":26},"end":{"line":284,"column":2}},"109":{"start":{"line":267,"column":19},"end":{"line":284,"column":2}},"110":{"start":{"line":268,"column":2},"end":{"line":283,"column":3}},"111":{"start":{"line":269,"column":19},"end":{"line":269,"column":29}},"112":{"start":{"line":270,"column":20},"end":{"line":273,"column":28}},"113":{"start":{"line":275,"column":4},"end":{"line":278,"column":5}},"114":{"start":{"line":276,"column":6},"end":{"line":276,"column":61}},"115":{"start":{"line":277,"column":6},"end":{"line":277,"column":13}},"116":{"start":{"line":280,"column":4},"end":{"line":280,"column":22}},"117":{"start":{"line":282,"column":4},"end":{"line":282,"column":76}},"118":{"start":{"line":264,"column":13},"end":{"line":264,"column":26}},"119":{"start":{"line":286,"column":27},"end":{"line":333,"column":2}},"120":{"start":{"line":289,"column":19},"end":{"line":333,"column":2}},"121":{"start":{"line":290,"column":2},"end":{"line":332,"column":3}},"122":{"start":{"line":291,"column":23},"end":{"line":291,"column":32}},"123":{"start":{"line":292,"column":17},"end":{"line":292,"column":56}},"124":{"start":{"line":293,"column":18},"end":{"line":293,"column":59}},"125":{"start":{"line":294,"column":17},"end":{"line":294,"column":35}},"126":{"start":{"line":296,"column":23},"end":{"line":296,"column":25}},"127":{"start":{"line":298,"column":4},"end":{"line":300,"column":5}},"128":{"start":{"line":299,"column":6},"end":{"line":299,"column":28}},"129":{"start":{"line":302,"column":26},"end":{"line":302,"column":61}},"130":{"start":{"line":303,"column":21},"end":{"line":308,"column":19}},"131":{"start":{"line":310,"column":33},"end":{"line":318,"column":6}},"132":{"start":{"line":311,"column":25},"end":{"line":311,"column":37}},"133":{"start":{"line":312,"column":6},"end":{"line":316,"column":null}},"134":{"start":{"line":320,"column":4},"end":{"line":329,"column":7}},"135":{"start":{"line":331,"column":4},"end":{"line":331,"column":72}},"136":{"start":{"line":286,"column":13},"end":{"line":286,"column":27}},"137":{"start":{"line":335,"column":29},"end":{"line":365,"column":2}},"138":{"start":{"line":338,"column":19},"end":{"line":365,"column":2}},"139":{"start":{"line":339,"column":2},"end":{"line":364,"column":3}},"140":{"start":{"line":340,"column":17},"end":{"line":340,"column":56}},"141":{"start":{"line":341,"column":18},"end":{"line":341,"column":58}},"142":{"start":{"line":342,"column":17},"end":{"line":342,"column":35}},"143":{"start":{"line":344,"column":18},"end":{"line":344,"column":43}},"144":{"start":{"line":345,"column":26},"end":{"line":345,"column":61}},"145":{"start":{"line":346,"column":21},"end":{"line":350,"column":19}},"146":{"start":{"line":352,"column":4},"end":{"line":361,"column":7}},"147":{"start":{"line":363,"column":4},"end":{"line":363,"column":77}},"148":{"start":{"line":335,"column":13},"end":{"line":335,"column":29}},"149":{"start":{"line":367,"column":35},"end":{"line":459,"column":2}},"150":{"start":{"line":370,"column":19},"end":{"line":459,"column":2}},"151":{"start":{"line":371,"column":2},"end":{"line":458,"column":3}},"152":{"start":{"line":372,"column":19},"end":{"line":372,"column":29}},"153":{"start":{"line":373,"column":23},"end":{"line":373,"column":31}},"154":{"start":{"line":375,"column":20},"end":{"line":375,"column":46}},"155":{"start":{"line":376,"column":4},"end":{"line":379,"column":5}},"156":{"start":{"line":377,"column":6},"end":{"line":377,"column":61}},"157":{"start":{"line":378,"column":6},"end":{"line":378,"column":13}},"158":{"start":{"line":382,"column":22},"end":{"line":382,"column":36}},"159":{"start":{"line":383,"column":4},"end":{"line":383,"column":28}},"160":{"start":{"line":384,"column":4},"end":{"line":384,"column":25}},"161":{"start":{"line":387,"column":4},"end":{"line":423,"column":5}},"162":{"start":{"line":391,"column":22},"end":{"line":391,"column":64}},"163":{"start":{"line":391,"column":54},"end":{"line":391,"column":63}},"164":{"start":{"line":394,"column":6},"end":{"line":397,"column":8}},"165":{"start":{"line":402,"column":30},"end":{"line":403,"column":16}},"166":{"start":{"line":402,"column":31},"end":{"line":402,"column":72}},"167":{"start":{"line":404,"column":37},"end":{"line":404,"column":67}},"168":{"start":{"line":406,"column":6},"end":{"line":413,"column":7}},"169":{"start":{"line":407,"column":8},"end":{"line":412,"column":11}},"170":{"start":{"line":414,"column":11},"end":{"line":423,"column":5}},"171":{"start":{"line":418,"column":22},"end":{"line":418,"column":64}},"172":{"start":{"line":418,"column":54},"end":{"line":418,"column":63}},"173":{"start":{"line":419,"column":6},"end":{"line":422,"column":8}},"174":{"start":{"line":425,"column":27},"end":{"line":427,"column":37}},"175":{"start":{"line":428,"column":4},"end":{"line":431,"column":5}},"176":{"start":{"line":429,"column":6},"end":{"line":429,"column":74}},"177":{"start":{"line":430,"column":6},"end":{"line":430,"column":13}},"178":{"start":{"line":434,"column":4},"end":{"line":445,"column":5}},"179":{"start":{"line":435,"column":29},"end":{"line":435,"column":91}},"180":{"start":{"line":436,"column":20},"end":{"line":441,"column":8}},"181":{"start":{"line":442,"column":6},"end":{"line":442,"column":169}},"182":{"start":{"line":444,"column":6},"end":{"line":444,"column":174}},"183":{"start":{"line":447,"column":23},"end":{"line":447,"column":48}},"184":{"start":{"line":448,"column":30},"end":{"line":452,"column":null}},"185":{"start":{"line":455,"column":4},"end":{"line":455,"column":35}},"186":{"start":{"line":457,"column":4},"end":{"line":457,"column":78}},"187":{"start":{"line":367,"column":13},"end":{"line":367,"column":35}}},"fnMap":{"0":{"name":"(anonymous_17)","decl":{"start":{"line":13,"column":29},"end":{"line":13,"column":null}},"loc":{"start":{"line":16,"column":19},"end":{"line":203,"column":2}}},"1":{"name":"(anonymous_18)","decl":{"start":{"line":16,"column":19},"end":{"line":16,"column":null}},"loc":{"start":{"line":16,"column":19},"end":{"line":203,"column":1}}},"2":{"name":"(anonymous_19)","decl":{"start":{"line":53,"column":6},"end":{"line":53,"column":7}},"loc":{"start":{"line":53,"column":32},"end":{"line":53,"column":49}}},"3":{"name":"(anonymous_20)","decl":{"start":{"line":164,"column":38},"end":{"line":164,"column":39}},"loc":{"start":{"line":164,"column":51},"end":{"line":164,"column":60}}},"4":{"name":"(anonymous_21)","decl":{"start":{"line":205,"column":30},"end":{"line":205,"column":null}},"loc":{"start":{"line":208,"column":19},"end":{"line":262,"column":2}}},"5":{"name":"(anonymous_22)","decl":{"start":{"line":208,"column":19},"end":{"line":208,"column":null}},"loc":{"start":{"line":208,"column":19},"end":{"line":262,"column":1}}},"6":{"name":"(anonymous_23)","decl":{"start":{"line":264,"column":26},"end":{"line":264,"column":null}},"loc":{"start":{"line":267,"column":19},"end":{"line":284,"column":2}}},"7":{"name":"(anonymous_24)","decl":{"start":{"line":267,"column":19},"end":{"line":267,"column":null}},"loc":{"start":{"line":267,"column":19},"end":{"line":284,"column":1}}},"8":{"name":"(anonymous_25)","decl":{"start":{"line":286,"column":27},"end":{"line":286,"column":null}},"loc":{"start":{"line":289,"column":19},"end":{"line":333,"column":2}}},"9":{"name":"(anonymous_26)","decl":{"start":{"line":289,"column":19},"end":{"line":289,"column":null}},"loc":{"start":{"line":289,"column":19},"end":{"line":333,"column":1}}},"10":{"name":"(anonymous_27)","decl":{"start":{"line":310,"column":46},"end":{"line":310,"column":47}},"loc":{"start":{"line":310,"column":52},"end":{"line":318,"column":5}}},"11":{"name":"(anonymous_28)","decl":{"start":{"line":335,"column":29},"end":{"line":335,"column":null}},"loc":{"start":{"line":338,"column":19},"end":{"line":365,"column":2}}},"12":{"name":"(anonymous_29)","decl":{"start":{"line":338,"column":19},"end":{"line":338,"column":null}},"loc":{"start":{"line":338,"column":19},"end":{"line":365,"column":1}}},"13":{"name":"(anonymous_30)","decl":{"start":{"line":367,"column":35},"end":{"line":367,"column":null}},"loc":{"start":{"line":370,"column":19},"end":{"line":459,"column":2}}},"14":{"name":"(anonymous_31)","decl":{"start":{"line":370,"column":19},"end":{"line":370,"column":null}},"loc":{"start":{"line":370,"column":19},"end":{"line":459,"column":1}}},"15":{"name":"(anonymous_32)","decl":{"start":{"line":391,"column":46},"end":{"line":391,"column":47}},"loc":{"start":{"line":391,"column":54},"end":{"line":391,"column":63}}},"16":{"name":"(anonymous_33)","decl":{"start":{"line":402,"column":31},"end":{"line":402,"column":44}},"loc":{"start":{"line":402,"column":31},"end":{"line":402,"column":72}}},"17":{"name":"(anonymous_34)","decl":{"start":{"line":404,"column":37},"end":{"line":404,"column":50}},"loc":{"start":{"line":404,"column":37},"end":{"line":404,"column":67}}},"18":{"name":"(anonymous_35)","decl":{"start":{"line":418,"column":46},"end":{"line":418,"column":47}},"loc":{"start":{"line":418,"column":54},"end":{"line":418,"column":63}}}},"branchMap":{"0":{"loc":{"start":{"line":32,"column":20},"end":{"line":32,"column":32}},"type":"cond-expr","locations":[{"start":{"line":32,"column":28},"end":{"line":32,"column":30}},{"start":{"line":32,"column":28},"end":{"line":32,"column":32}}]},"1":{"loc":{"start":{"line":32,"column":20},"end":{"line":32,"column":30}},"type":"binary-expr","locations":[{"start":{"line":32,"column":20},"end":{"line":32,"column":30}},{"start":{"line":32,"column":28},"end":{"line":32,"column":30}}]},"2":{"loc":{"start":{"line":34,"column":4},"end":{"line":39,"column":5}},"type":"if","locations":[{"start":{"line":34,"column":4},"end":{"line":39,"column":5}},{"start":{},"end":{}}]},"3":{"loc":{"start":{"line":41,"column":4},"end":{"line":46,"column":5}},"type":"if","locations":[{"start":{"line":41,"column":4},"end":{"line":46,"column":5}},{"start":{},"end":{}}]},"4":{"loc":{"start":{"line":41,"column":8},"end":{"line":41,"column":22}},"type":"cond-expr","locations":[{"start":{"line":41,"column":16},"end":{"line":41,"column":18}},{"start":{"line":41,"column":16},"end":{"line":41,"column":22}}]},"5":{"loc":{"start":{"line":41,"column":8},"end":{"line":41,"column":18}},"type":"binary-expr","locations":[{"start":{"line":41,"column":8},"end":{"line":41,"column":18}},{"start":{"line":41,"column":16},"end":{"line":41,"column":18}}]},"6":{"loc":{"start":{"line":59,"column":4},"end":{"line":68,"column":5}},"type":"if","locations":[{"start":{"line":59,"column":4},"end":{"line":68,"column":5}},{"start":{},"end":{}}]},"7":{"loc":{"start":{"line":71,"column":4},"end":{"line":94,"column":5}},"type":"if","locations":[{"start":{"line":71,"column":4},"end":{"line":94,"column":5}},{"start":{},"end":{}}]},"8":{"loc":{"start":{"line":71,"column":8},"end":{"line":71,"column":45}},"type":"binary-expr","locations":[{"start":{"line":71,"column":8},"end":{"line":71,"column":19}},{"start":{"line":71,"column":23},"end":{"line":71,"column":45}}]},"9":{"loc":{"start":{"line":83,"column":8},"end":{"line":92,"column":9}},"type":"if","locations":[{"start":{"line":83,"column":8},"end":{"line":92,"column":9}},{"start":{},"end":{}}]},"10":{"loc":{"start":{"line":102,"column":4},"end":{"line":105,"column":5}},"type":"if","locations":[{"start":{"line":102,"column":4},"end":{"line":105,"column":5}},{"start":{},"end":{}}]},"11":{"loc":{"start":{"line":137,"column":25},"end":{"line":137,"column":48}},"type":"binary-expr","locations":[{"start":{"line":137,"column":25},"end":{"line":137,"column":38}},{"start":{"line":137,"column":42},"end":{"line":137,"column":48}}]},"12":{"loc":{"start":{"line":140,"column":12},"end":{"line":142,"column":25}},"type":"cond-expr","locations":[{"start":{"line":141,"column":16},"end":{"line":141,"column":82}},{"start":{"line":142,"column":16},"end":{"line":142,"column":25}}]},"13":{"loc":{"start":{"line":154,"column":4},"end":{"line":161,"column":5}},"type":"if","locations":[{"start":{"line":154,"column":4},"end":{"line":161,"column":5}},{"start":{},"end":{}}]},"14":{"loc":{"start":{"line":163,"column":4},"end":{"line":177,"column":5}},"type":"if","locations":[{"start":{"line":163,"column":4},"end":{"line":177,"column":5}},{"start":{},"end":{}}]},"15":{"loc":{"start":{"line":163,"column":8},"end":{"line":163,"column":45}},"type":"binary-expr","locations":[{"start":{"line":163,"column":8},"end":{"line":163,"column":19}},{"start":{"line":163,"column":23},"end":{"line":163,"column":45}}]},"16":{"loc":{"start":{"line":166,"column":8},"end":{"line":168,"column":31}},"type":"cond-expr","locations":[{"start":{"line":167,"column":12},"end":{"line":167,"column":31}},{"start":{"line":168,"column":12},"end":{"line":168,"column":31}}]},"17":{"loc":{"start":{"line":215,"column":4},"end":{"line":218,"column":5}},"type":"if","locations":[{"start":{"line":215,"column":4},"end":{"line":218,"column":5}},{"start":{},"end":{}}]},"18":{"loc":{"start":{"line":220,"column":4},"end":{"line":223,"column":5}},"type":"if","locations":[{"start":{"line":220,"column":4},"end":{"line":223,"column":5}},{"start":{},"end":{}}]},"19":{"loc":{"start":{"line":230,"column":4},"end":{"line":238,"column":5}},"type":"if","locations":[{"start":{"line":230,"column":4},"end":{"line":238,"column":5}},{"start":{},"end":{}}]},"20":{"loc":{"start":{"line":275,"column":4},"end":{"line":278,"column":5}},"type":"if","locations":[{"start":{"line":275,"column":4},"end":{"line":278,"column":5}},{"start":{},"end":{}}]},"21":{"loc":{"start":{"line":292,"column":17},"end":{"line":292,"column":56}},"type":"binary-expr","locations":[{"start":{"line":292,"column":17},"end":{"line":292,"column":51}},{"start":{"line":292,"column":55},"end":{"line":292,"column":56}}]},"22":{"loc":{"start":{"line":293,"column":18},"end":{"line":293,"column":59}},"type":"binary-expr","locations":[{"start":{"line":293,"column":18},"end":{"line":293,"column":53}},{"start":{"line":293,"column":57},"end":{"line":293,"column":59}}]},"23":{"loc":{"start":{"line":298,"column":4},"end":{"line":300,"column":5}},"type":"if","locations":[{"start":{"line":298,"column":4},"end":{"line":300,"column":5}},{"start":{},"end":{}}]},"24":{"loc":{"start":{"line":315,"column":14},"end":{"line":315,"column":49}},"type":"cond-expr","locations":[{"start":{"line":315,"column":41},"end":{"line":315,"column":43}},{"start":{"line":315,"column":41},"end":{"line":315,"column":49}}]},"25":{"loc":{"start":{"line":315,"column":14},"end":{"line":315,"column":43}},"type":"binary-expr","locations":[{"start":{"line":315,"column":14},"end":{"line":315,"column":43}},{"start":{"line":315,"column":41},"end":{"line":315,"column":43}}]},"26":{"loc":{"start":{"line":315,"column":14},"end":{"line":315,"column":41}},"type":"cond-expr","locations":[{"start":{"line":315,"column":36},"end":{"line":315,"column":39}},{"start":{"line":315,"column":36},"end":{"line":315,"column":41}}]},"27":{"loc":{"start":{"line":315,"column":14},"end":{"line":315,"column":39}},"type":"binary-expr","locations":[{"start":{"line":315,"column":14},"end":{"line":315,"column":39}},{"start":{"line":315,"column":36},"end":{"line":315,"column":39}}]},"28":{"loc":{"start":{"line":316,"column":17},"end":{"line":316,"column":44}},"type":"binary-expr","locations":[{"start":{"line":316,"column":17},"end":{"line":316,"column":39}},{"start":{"line":316,"column":43},"end":{"line":316,"column":44}}]},"29":{"loc":{"start":{"line":316,"column":49},"end":{"line":316,"column":78}},"type":"binary-expr","locations":[{"start":{"line":316,"column":49},"end":{"line":316,"column":73}},{"start":{"line":316,"column":77},"end":{"line":316,"column":78}}]},"30":{"loc":{"start":{"line":340,"column":17},"end":{"line":340,"column":56}},"type":"binary-expr","locations":[{"start":{"line":340,"column":17},"end":{"line":340,"column":51}},{"start":{"line":340,"column":55},"end":{"line":340,"column":56}}]},"31":{"loc":{"start":{"line":341,"column":18},"end":{"line":341,"column":58}},"type":"binary-expr","locations":[{"start":{"line":341,"column":18},"end":{"line":341,"column":53}},{"start":{"line":341,"column":57},"end":{"line":341,"column":58}}]},"32":{"loc":{"start":{"line":344,"column":29},"end":{"line":344,"column":41}},"type":"cond-expr","locations":[{"start":{"line":344,"column":37},"end":{"line":344,"column":39}},{"start":{"line":344,"column":37},"end":{"line":344,"column":41}}]},"33":{"loc":{"start":{"line":344,"column":29},"end":{"line":344,"column":39}},"type":"binary-expr","locations":[{"start":{"line":344,"column":29},"end":{"line":344,"column":39}},{"start":{"line":344,"column":37},"end":{"line":344,"column":39}}]},"34":{"loc":{"start":{"line":376,"column":4},"end":{"line":379,"column":5}},"type":"if","locations":[{"start":{"line":376,"column":4},"end":{"line":379,"column":5}},{"start":{},"end":{}}]},"35":{"loc":{"start":{"line":387,"column":4},"end":{"line":423,"column":5}},"type":"if","locations":[{"start":{"line":387,"column":4},"end":{"line":423,"column":5}},{"start":{"line":414,"column":11},"end":{"line":423,"column":5}}]},"36":{"loc":{"start":{"line":388,"column":6},"end":{"line":389,"column":45}},"type":"binary-expr","locations":[{"start":{"line":388,"column":6},"end":{"line":388,"column":42}},{"start":{"line":389,"column":6},"end":{"line":389,"column":45}}]},"37":{"loc":{"start":{"line":414,"column":11},"end":{"line":423,"column":5}},"type":"if","locations":[{"start":{"line":414,"column":11},"end":{"line":423,"column":5}},{"start":{},"end":{}}]},"38":{"loc":{"start":{"line":415,"column":6},"end":{"line":416,"column":44}},"type":"binary-expr","locations":[{"start":{"line":415,"column":6},"end":{"line":415,"column":41}},{"start":{"line":416,"column":6},"end":{"line":416,"column":44}}]},"39":{"loc":{"start":{"line":428,"column":4},"end":{"line":431,"column":5}},"type":"if","locations":[{"start":{"line":428,"column":4},"end":{"line":431,"column":5}},{"start":{},"end":{}}]},"40":{"loc":{"start":{"line":435,"column":29},"end":{"line":435,"column":91}},"type":"binary-expr","locations":[{"start":{"line":435,"column":29},"end":{"line":435,"column":65}},{"start":{"line":435,"column":69},"end":{"line":435,"column":91}}]},"41":{"loc":{"start":{"line":435,"column":29},"end":{"line":435,"column":65}},"type":"cond-expr","locations":[{"start":{"line":435,"column":60},"end":{"line":435,"column":62}},{"start":{"line":435,"column":60},"end":{"line":435,"column":65}}]},"42":{"loc":{"start":{"line":435,"column":29},"end":{"line":435,"column":62}},"type":"binary-expr","locations":[{"start":{"line":435,"column":29},"end":{"line":435,"column":62}},{"start":{"line":435,"column":60},"end":{"line":435,"column":62}}]},"43":{"loc":{"start":{"line":451,"column":12},"end":{"line":451,"column":47}},"type":"cond-expr","locations":[{"start":{"line":451,"column":39},"end":{"line":451,"column":41}},{"start":{"line":451,"column":39},"end":{"line":451,"column":47}}]},"44":{"loc":{"start":{"line":451,"column":12},"end":{"line":451,"column":41}},"type":"binary-expr","locations":[{"start":{"line":451,"column":12},"end":{"line":451,"column":41}},{"start":{"line":451,"column":39},"end":{"line":451,"column":41}}]},"45":{"loc":{"start":{"line":451,"column":12},"end":{"line":451,"column":39}},"type":"cond-expr","locations":[{"start":{"line":451,"column":34},"end":{"line":451,"column":37}},{"start":{"line":451,"column":34},"end":{"line":451,"column":39}}]},"46":{"loc":{"start":{"line":451,"column":12},"end":{"line":451,"column":37}},"type":"binary-expr","locations":[{"start":{"line":451,"column":12},"end":{"line":451,"column":37}},{"start":{"line":451,"column":34},"end":{"line":451,"column":37}}]},"47":{"loc":{"start":{"line":452,"column":15},"end":{"line":452,"column":42}},"type":"binary-expr","locations":[{"start":{"line":452,"column":15},"end":{"line":452,"column":37}},{"start":{"line":452,"column":41},"end":{"line":452,"column":42}}]},"48":{"loc":{"start":{"line":452,"column":47},"end":{"line":452,"column":76}},"type":"binary-expr","locations":[{"start":{"line":452,"column":47},"end":{"line":452,"column":71}},{"start":{"line":452,"column":75},"end":{"line":452,"column":76}}]}},"s":{"0":1,"1":1,"2":1,"3":1,"4":1,"5":1,"6":1,"7":1,"8":1,"9":1,"10":1,"11":1,"12":1,"13":1,"14":1,"15":1,"16":1,"17":1,"18":0,"19":0,"20":0,"21":0,"22":1,"23":0,"24":0,"25":0,"26":0,"27":1,"28":1,"29":1,"30":1,"31":1,"32":1,"33":1,"34":0,"35":0,"36":0,"37":0,"38":1,"39":1,"40":1,"41":1,"42":1,"43":0,"44":0,"45":0,"46":0,"47":1,"48":1,"49":1,"50":1,"51":0,"52":0,"53":1,"54":1,"55":1,"56":1,"57":1,"58":1,"59":1,"60":1,"61":1,"62":1,"63":1,"64":1,"65":1,"66":1,"67":1,"68":1,"69":1,"70":1,"71":0,"72":1,"73":0,"74":0,"75":0,"76":0,"77":0,"78":1,"79":1,"80":0,"81":0,"82":0,"83":0,"84":0,"85":0,"86":0,"87":0,"88":0,"89":0,"90":0,"91":0,"92":0,"93":0,"94":0,"95":0,"96":0,"97":0,"98":0,"99":0,"100":0,"101":0,"102":0,"103":0,"104":0,"105":0,"106":0,"107":1,"108":1,"109":0,"110":0,"111":0,"112":0,"113":0,"114":0,"115":0,"116":0,"117":0,"118":1,"119":1,"120":0,"121":0,"122":0,"123":0,"124":0,"125":0,"126":0,"127":0,"128":0,"129":0,"130":0,"131":0,"132":0,"133":0,"134":0,"135":0,"136":1,"137":1,"138":0,"139":0,"140":0,"141":0,"142":0,"143":0,"144":0,"145":0,"146":0,"147":0,"148":1,"149":1,"150":2,"151":2,"152":2,"153":2,"154":2,"155":2,"156":0,"157":0,"158":2,"159":2,"160":2,"161":2,"162":1,"163":1,"164":1,"165":1,"166":1,"167":2,"168":1,"169":1,"170":1,"171":1,"172":1,"173":1,"174":2,"175":2,"176":0,"177":0,"178":2,"179":2,"180":2,"181":2,"182":0,"183":2,"184":2,"185":2,"186":0,"187":1},"f":{"0":1,"1":1,"2":1,"3":1,"4":0,"5":0,"6":0,"7":0,"8":0,"9":0,"10":0,"11":0,"12":0,"13":2,"14":2,"15":1,"16":1,"17":1,"18":1},"b":{"0":[0,1],"1":[1,1],"2":[0,1],"3":[0,1],"4":[0,1],"5":[1,1],"6":[0,1],"7":[1,0],"8":[1,1],"9":[0,1],"10":[0,1],"11":[1,0],"12":[1,0],"13":[1,0],"14":[1,0],"15":[1,1],"16":[0,1],"17":[0,0],"18":[0,0],"19":[0,0],"20":[0,0],"21":[0,0],"22":[0,0],"23":[0,0],"24":[0,0],"25":[0,0],"26":[0,0],"27":[0,0],"28":[0,0],"29":[0,0],"30":[0,0],"31":[0,0],"32":[0,0],"33":[0,0],"34":[0,2],"35":[1,1],"36":[2,1],"37":[1,0],"38":[1,1],"39":[0,2],"40":[2,2],"41":[0,2],"42":[2,2],"43":[0,2],"44":[2,2],"45":[0,2],"46":[2,2],"47":[2,0],"48":[2,2]}}
,"D:\\HotelManagementSystem\\server\\src\\controllers\\housekeepingController.ts": {"path":"D:\\HotelManagementSystem\\server\\src\\controllers\\housekeepingController.ts","statementMap":{"0":{"start":{"line":2,"column":0},"end":{"line":2,"column":56}},"1":{"start":{"line":3,"column":0},"end":{"line":3,"column":34}},"2":{"start":{"line":5,"column":0},"end":{"line":5,"column":34}},"3":{"start":{"line":6,"column":0},"end":{"line":6,"column":50}},"4":{"start":{"line":7,"column":0},"end":{"line":7,"column":82}},"5":{"start":{"line":9,"column":37},"end":{"line":53,"column":2}},"6":{"start":{"line":9,"column":94},"end":{"line":53,"column":2}},"7":{"start":{"line":10,"column":2},"end":{"line":52,"column":3}},"8":{"start":{"line":11,"column":4},"end":{"line":11,"column":68}},"9":{"start":{"line":12,"column":81},"end":{"line":12,"column":89}},"10":{"start":{"line":14,"column":24},"end":{"line":14,"column":38}},"11":{"start":{"line":15,"column":25},"end":{"line":15,"column":71}},"12":{"start":{"line":16,"column":24},"end":{"line":16,"column":58}},"13":{"start":{"line":18,"column":4},"end":{"line":18,"column":107}},"14":{"start":{"line":20,"column":4},"end":{"line":23,"column":5}},"15":{"start":{"line":21,"column":6},"end":{"line":21,"column":94}},"16":{"start":{"line":22,"column":6},"end":{"line":22,"column":13}},"17":{"start":{"line":25,"column":16},"end":{"line":31,"column":6}},"18":{"start":{"line":33,"column":4},"end":{"line":36,"column":5}},"19":{"start":{"line":34,"column":6},"end":{"line":34,"column":77}},"20":{"start":{"line":35,"column":6},"end":{"line":35,"column":13}},"21":{"start":{"line":38,"column":4},"end":{"line":38,"column":71}},"22":{"start":{"line":40,"column":25},"end":{"line":42,"column":44}},"23":{"start":{"line":44,"column":4},"end":{"line":44,"column":57}},"24":{"start":{"line":46,"column":4},"end":{"line":46,"column":65}},"25":{"start":{"line":47,"column":4},"end":{"line":51,"column":7}},"26":{"start":{"line":9,"column":13},"end":{"line":9,"column":37}},"27":{"start":{"line":56,"column":25},"end":{"line":65,"column":1}},"28":{"start":{"line":57,"column":17},"end":{"line":57,"column":52}},"29":{"start":{"line":58,"column":2},"end":{"line":63,"column":null}},"30":{"start":{"line":67,"column":38},"end":{"line":108,"column":2}},"31":{"start":{"line":67,"column":95},"end":{"line":108,"column":2}},"32":{"start":{"line":68,"column":2},"end":{"line":107,"column":3}},"33":{"start":{"line":69,"column":19},"end":{"line":69,"column":29}},"34":{"start":{"line":70,"column":24},"end":{"line":70,"column":32}},"35":{"start":{"line":72,"column":16},"end":{"line":72,"column":50}},"36":{"start":{"line":73,"column":4},"end":{"line":76,"column":5}},"37":{"start":{"line":74,"column":6},"end":{"line":74,"column":70}},"38":{"start":{"line":75,"column":6},"end":{"line":75,"column":13}},"39":{"start":{"line":78,"column":4},"end":{"line":78,"column":26}},"40":{"start":{"line":79,"column":4},"end":{"line":79,"column":21}},"41":{"start":{"line":82,"column":4},"end":{"line":84,"column":7}},"42":{"start":{"line":87,"column":4},"end":{"line":98,"column":5}},"43":{"start":{"line":88,"column":25},"end":{"line":88,"column":69}},"44":{"start":{"line":89,"column":20},"end":{"line":94,"column":8}},"45":{"start":{"line":95,"column":6},"end":{"line":95,"column":113}},"46":{"start":{"line":97,"column":6},"end":{"line":97,"column":119}},"47":{"start":{"line":100,"column":25},"end":{"line":102,"column":44}},"48":{"start":{"line":104,"column":4},"end":{"line":104,"column":45}},"49":{"start":{"line":106,"column":4},"end":{"line":106,"column":82}},"50":{"start":{"line":67,"column":13},"end":{"line":67,"column":38}},"51":{"start":{"line":110,"column":40},"end":{"line":143,"column":2}},"52":{"start":{"line":110,"column":97},"end":{"line":143,"column":2}},"53":{"start":{"line":111,"column":2},"end":{"line":142,"column":3}},"54":{"start":{"line":112,"column":19},"end":{"line":112,"column":29}},"55":{"start":{"line":113,"column":59},"end":{"line":113,"column":67}},"56":{"start":{"line":115,"column":16},"end":{"line":115,"column":50}},"57":{"start":{"line":116,"column":4},"end":{"line":119,"column":5}},"58":{"start":{"line":117,"column":6},"end":{"line":117,"column":70}},"59":{"start":{"line":118,"column":6},"end":{"line":118,"column":13}},"60":{"start":{"line":121,"column":4},"end":{"line":121,"column":24}},"61":{"start":{"line":122,"column":4},"end":{"line":122,"column":30}},"62":{"start":{"line":122,"column":14},"end":{"line":122,"column":30}},"63":{"start":{"line":125,"column":4},"end":{"line":127,"column":5}},"64":{"start":{"line":126,"column":6},"end":{"line":126,"column":36}},"65":{"start":{"line":129,"column":4},"end":{"line":129,"column":21}},"66":{"start":{"line":132,"column":28},"end":{"line":132,"column":130}},"67":{"start":{"line":133,"column":4},"end":{"line":133,"column":74}},"68":{"start":{"line":135,"column":25},"end":{"line":137,"column":44}},"69":{"start":{"line":139,"column":4},"end":{"line":139,"column":45}},"70":{"start":{"line":141,"column":4},"end":{"line":141,"column":83}},"71":{"start":{"line":110,"column":13},"end":{"line":110,"column":40}},"72":{"start":{"line":145,"column":35},"end":{"line":178,"column":2}},"73":{"start":{"line":145,"column":88},"end":{"line":178,"column":2}},"74":{"start":{"line":146,"column":2},"end":{"line":177,"column":3}},"75":{"start":{"line":147,"column":23},"end":{"line":147,"column":32}},"76":{"start":{"line":148,"column":17},"end":{"line":148,"column":67}},"77":{"start":{"line":149,"column":18},"end":{"line":149,"column":70}},"78":{"start":{"line":150,"column":17},"end":{"line":150,"column":35}},"79":{"start":{"line":151,"column":23},"end":{"line":151,"column":25}},"80":{"start":{"line":152,"column":4},"end":{"line":154,"column":5}},"81":{"start":{"line":153,"column":6},"end":{"line":153,"column":60}},"82":{"start":{"line":156,"column":34},"end":{"line":156,"column":77}},"83":{"start":{"line":157,"column":17},"end":{"line":162,"column":19}},"84":{"start":{"line":164,"column":4},"end":{"line":173,"column":7}},"85":{"start":{"line":175,"column":4},"end":{"line":175,"column":62}},"86":{"start":{"line":176,"column":4},"end":{"line":176,"column":81}},"87":{"start":{"line":145,"column":13},"end":{"line":145,"column":35}}},"fnMap":{"0":{"name":"(anonymous_8)","decl":{"start":{"line":9,"column":37},"end":{"line":9,"column":44}},"loc":{"start":{"line":9,"column":94},"end":{"line":53,"column":2}}},"1":{"name":"(anonymous_9)","decl":{"start":{"line":9,"column":94},"end":{"line":9,"column":null}},"loc":{"start":{"line":9,"column":94},"end":{"line":53,"column":1}}},"2":{"name":"(anonymous_10)","decl":{"start":{"line":56,"column":25},"end":{"line":56,"column":26}},"loc":{"start":{"line":56,"column":38},"end":{"line":65,"column":1}}},"3":{"name":"(anonymous_11)","decl":{"start":{"line":67,"column":38},"end":{"line":67,"column":45}},"loc":{"start":{"line":67,"column":95},"end":{"line":108,"column":2}}},"4":{"name":"(anonymous_12)","decl":{"start":{"line":67,"column":95},"end":{"line":67,"column":null}},"loc":{"start":{"line":67,"column":95},"end":{"line":108,"column":1}}},"5":{"name":"(anonymous_13)","decl":{"start":{"line":110,"column":40},"end":{"line":110,"column":47}},"loc":{"start":{"line":110,"column":97},"end":{"line":143,"column":2}}},"6":{"name":"(anonymous_14)","decl":{"start":{"line":110,"column":97},"end":{"line":110,"column":null}},"loc":{"start":{"line":110,"column":97},"end":{"line":143,"column":1}}},"7":{"name":"(anonymous_15)","decl":{"start":{"line":145,"column":35},"end":{"line":145,"column":42}},"loc":{"start":{"line":145,"column":88},"end":{"line":178,"column":2}}},"8":{"name":"(anonymous_16)","decl":{"start":{"line":145,"column":88},"end":{"line":145,"column":null}},"loc":{"start":{"line":145,"column":88},"end":{"line":178,"column":1}}}},"branchMap":{"0":{"loc":{"start":{"line":14,"column":24},"end":{"line":14,"column":38}},"type":"binary-expr","locations":[{"start":{"line":14,"column":24},"end":{"line":14,"column":30}},{"start":{"line":14,"column":34},"end":{"line":14,"column":38}}]},"1":{"loc":{"start":{"line":15,"column":25},"end":{"line":15,"column":71}},"type":"binary-expr","locations":[{"start":{"line":15,"column":25},"end":{"line":15,"column":40}},{"start":{"line":15,"column":44},"end":{"line":15,"column":54}},{"start":{"line":15,"column":58},"end":{"line":15,"column":70}}]},"2":{"loc":{"start":{"line":15,"column":58},"end":{"line":15,"column":70}},"type":"cond-expr","locations":[{"start":{"line":15,"column":66},"end":{"line":15,"column":68}},{"start":{"line":15,"column":66},"end":{"line":15,"column":70}}]},"3":{"loc":{"start":{"line":15,"column":58},"end":{"line":15,"column":68}},"type":"binary-expr","locations":[{"start":{"line":15,"column":58},"end":{"line":15,"column":68}},{"start":{"line":15,"column":66},"end":{"line":15,"column":68}}]},"4":{"loc":{"start":{"line":16,"column":24},"end":{"line":16,"column":58}},"type":"binary-expr","locations":[{"start":{"line":16,"column":24},"end":{"line":16,"column":30}},{"start":{"line":16,"column":34},"end":{"line":16,"column":58}}]},"5":{"loc":{"start":{"line":20,"column":4},"end":{"line":23,"column":5}},"type":"if","locations":[{"start":{"line":20,"column":4},"end":{"line":23,"column":5}},{"start":{},"end":{}}]},"6":{"loc":{"start":{"line":29,"column":12},"end":{"line":29,"column":47}},"type":"binary-expr","locations":[{"start":{"line":29,"column":12},"end":{"line":29,"column":25}},{"start":{"line":29,"column":29},"end":{"line":29,"column":47}}]},"7":{"loc":{"start":{"line":33,"column":4},"end":{"line":36,"column":5}},"type":"if","locations":[{"start":{"line":33,"column":4},"end":{"line":36,"column":5}},{"start":{},"end":{}}]},"8":{"loc":{"start":{"line":49,"column":13},"end":{"line":49,"column":59}},"type":"cond-expr","locations":[{"start":{"line":49,"column":38},"end":{"line":49,"column":51}},{"start":{"line":49,"column":54},"end":{"line":49,"column":59}}]},"9":{"loc":{"start":{"line":50,"column":13},"end":{"line":50,"column":61}},"type":"cond-expr","locations":[{"start":{"line":50,"column":38},"end":{"line":50,"column":49}},{"start":{"line":50,"column":52},"end":{"line":50,"column":61}}]},"10":{"loc":{"start":{"line":57,"column":17},"end":{"line":57,"column":52}},"type":"cond-expr","locations":[{"start":{"line":57,"column":32},"end":{"line":57,"column":46}},{"start":{"line":57,"column":49},"end":{"line":57,"column":52}}]},"11":{"loc":{"start":{"line":73,"column":4},"end":{"line":76,"column":5}},"type":"if","locations":[{"start":{"line":73,"column":4},"end":{"line":76,"column":5}},{"start":{},"end":{}}]},"12":{"loc":{"start":{"line":88,"column":25},"end":{"line":88,"column":69}},"type":"binary-expr","locations":[{"start":{"line":88,"column":25},"end":{"line":88,"column":56}},{"start":{"line":88,"column":60},"end":{"line":88,"column":69}}]},"13":{"loc":{"start":{"line":88,"column":25},"end":{"line":88,"column":56}},"type":"cond-expr","locations":[{"start":{"line":88,"column":44},"end":{"line":88,"column":46}},{"start":{"line":88,"column":44},"end":{"line":88,"column":56}}]},"14":{"loc":{"start":{"line":88,"column":25},"end":{"line":88,"column":46}},"type":"binary-expr","locations":[{"start":{"line":88,"column":25},"end":{"line":88,"column":46}},{"start":{"line":88,"column":44},"end":{"line":88,"column":46}}]},"15":{"loc":{"start":{"line":116,"column":4},"end":{"line":119,"column":5}},"type":"if","locations":[{"start":{"line":116,"column":4},"end":{"line":119,"column":5}},{"start":{},"end":{}}]},"16":{"loc":{"start":{"line":122,"column":4},"end":{"line":122,"column":30}},"type":"if","locations":[{"start":{"line":122,"column":4},"end":{"line":122,"column":30}},{"start":{},"end":{}}]},"17":{"loc":{"start":{"line":125,"column":4},"end":{"line":127,"column":5}},"type":"if","locations":[{"start":{"line":125,"column":4},"end":{"line":127,"column":5}},{"start":{},"end":{}}]},"18":{"loc":{"start":{"line":132,"column":28},"end":{"line":132,"column":130}},"type":"binary-expr","locations":[{"start":{"line":132,"column":28},"end":{"line":132,"column":44}},{"start":{"line":132,"column":49},"end":{"line":132,"column":129}}]},"19":{"loc":{"start":{"line":132,"column":49},"end":{"line":132,"column":129}},"type":"cond-expr","locations":[{"start":{"line":132,"column":87},"end":{"line":132,"column":107}},{"start":{"line":132,"column":110},"end":{"line":132,"column":129}}]},"20":{"loc":{"start":{"line":148,"column":17},"end":{"line":148,"column":67}},"type":"binary-expr","locations":[{"start":{"line":148,"column":17},"end":{"line":148,"column":62}},{"start":{"line":148,"column":66},"end":{"line":148,"column":67}}]},"21":{"loc":{"start":{"line":149,"column":18},"end":{"line":149,"column":70}},"type":"binary-expr","locations":[{"start":{"line":149,"column":18},"end":{"line":149,"column":64}},{"start":{"line":149,"column":68},"end":{"line":149,"column":70}}]},"22":{"loc":{"start":{"line":152,"column":4},"end":{"line":154,"column":5}},"type":"if","locations":[{"start":{"line":152,"column":4},"end":{"line":154,"column":5}},{"start":{},"end":{}}]},"23":{"loc":{"start":{"line":168,"column":20},"end":{"line":168,"column":65}},"type":"binary-expr","locations":[{"start":{"line":168,"column":20},"end":{"line":168,"column":60}},{"start":{"line":168,"column":64},"end":{"line":168,"column":65}}]}},"s":{"0":1,"1":1,"2":1,"3":1,"4":1,"5":1,"6":0,"7":0,"8":0,"9":0,"10":0,"11":0,"12":0,"13":0,"14":0,"15":0,"16":0,"17":0,"18":0,"19":0,"20":0,"21":0,"22":0,"23":0,"24":0,"25":0,"26":1,"27":1,"28":1,"29":1,"30":1,"31":0,"32":0,"33":0,"34":0,"35":0,"36":0,"37":0,"38":0,"39":0,"40":0,"41":0,"42":0,"43":0,"44":0,"45":0,"46":0,"47":0,"48":0,"49":0,"50":1,"51":1,"52":1,"53":1,"54":1,"55":1,"56":1,"57":1,"58":0,"59":0,"60":1,"61":1,"62":0,"63":1,"64":0,"65":1,"66":1,"67":1,"68":1,"69":1,"70":0,"71":1,"72":1,"73":0,"74":0,"75":0,"76":0,"77":0,"78":0,"79":0,"80":0,"81":0,"82":0,"83":0,"84":0,"85":0,"86":0,"87":1},"f":{"0":0,"1":0,"2":1,"3":0,"4":0,"5":1,"6":1,"7":0,"8":0},"b":{"0":[0,0],"1":[0,0,0],"2":[0,0],"3":[0,0],"4":[0,0],"5":[0,0],"6":[0,0],"7":[0,0],"8":[0,0],"9":[0,0],"10":[1,0],"11":[0,0],"12":[0,0],"13":[0,0],"14":[0,0],"15":[0,1],"16":[0,1],"17":[0,1],"18":[1,1],"19":[1,0],"20":[0,0],"21":[0,0],"22":[0,0],"23":[0,0]}}
,"D:\\HotelManagementSystem\\server\\src\\controllers\\reservationController.ts": {"path":"D:\\HotelManagementSystem\\server\\src\\controllers\\reservationController.ts","statementMap":{"0":{"start":{"line":2,"column":0},"end":{"line":2,"column":48}},"1":{"start":{"line":5,"column":0},"end":{"line":5,"column":42}},"2":{"start":{"line":6,"column":0},"end":{"line":6,"column":50}},"3":{"start":{"line":7,"column":0},"end":{"line":7,"column":96}},"4":{"start":{"line":9,"column":0},"end":{"line":9,"column":58}},"5":{"start":{"line":10,"column":0},"end":{"line":10,"column":90}},"6":{"start":{"line":11,"column":0},"end":{"line":11,"column":90}},"7":{"start":{"line":13,"column":33},"end":{"line":139,"column":2}},"8":{"start":{"line":13,"column":90},"end":{"line":139,"column":2}},"9":{"start":{"line":14,"column":18},"end":{"line":14,"column":40}},"10":{"start":{"line":15,"column":25},"end":{"line":15,"column":51}},"11":{"start":{"line":16,"column":2},"end":{"line":16,"column":29}},"12":{"start":{"line":17,"column":2},"end":{"line":138,"column":3}},"13":{"start":{"line":18,"column":117},"end":{"line":18,"column":125}},"14":{"start":{"line":19,"column":20},"end":{"line":19,"column":32}},"15":{"start":{"line":21,"column":4},"end":{"line":26,"column":5}},"16":{"start":{"line":22,"column":6},"end":{"line":22,"column":56}},"17":{"start":{"line":23,"column":6},"end":{"line":23,"column":39}},"18":{"start":{"line":24,"column":6},"end":{"line":24,"column":27}},"19":{"start":{"line":25,"column":6},"end":{"line":25,"column":13}},"20":{"start":{"line":28,"column":4},"end":{"line":33,"column":5}},"21":{"start":{"line":29,"column":6},"end":{"line":29,"column":87}},"22":{"start":{"line":30,"column":6},"end":{"line":30,"column":39}},"23":{"start":{"line":31,"column":6},"end":{"line":31,"column":27}},"24":{"start":{"line":32,"column":6},"end":{"line":32,"column":13}},"25":{"start":{"line":35,"column":4},"end":{"line":40,"column":5}},"26":{"start":{"line":36,"column":6},"end":{"line":36,"column":134}},"27":{"start":{"line":37,"column":6},"end":{"line":37,"column":39}},"28":{"start":{"line":38,"column":6},"end":{"line":38,"column":27}},"29":{"start":{"line":39,"column":6},"end":{"line":39,"column":13}},"30":{"start":{"line":42,"column":24},"end":{"line":42,"column":44}},"31":{"start":{"line":43,"column":25},"end":{"line":43,"column":46}},"32":{"start":{"line":45,"column":4},"end":{"line":50,"column":5}},"33":{"start":{"line":46,"column":6},"end":{"line":46,"column":63}},"34":{"start":{"line":47,"column":6},"end":{"line":47,"column":39}},"35":{"start":{"line":48,"column":6},"end":{"line":48,"column":27}},"36":{"start":{"line":49,"column":6},"end":{"line":49,"column":13}},"37":{"start":{"line":52,"column":4},"end":{"line":57,"column":5}},"38":{"start":{"line":53,"column":6},"end":{"line":53,"column":86}},"39":{"start":{"line":54,"column":6},"end":{"line":54,"column":39}},"40":{"start":{"line":55,"column":6},"end":{"line":55,"column":27}},"41":{"start":{"line":56,"column":6},"end":{"line":56,"column":13}},"42":{"start":{"line":60,"column":21},"end":{"line":60,"column":78}},"43":{"start":{"line":61,"column":4},"end":{"line":66,"column":5}},"44":{"start":{"line":62,"column":6},"end":{"line":62,"column":63}},"45":{"start":{"line":63,"column":6},"end":{"line":63,"column":39}},"46":{"start":{"line":64,"column":6},"end":{"line":64,"column":27}},"47":{"start":{"line":65,"column":6},"end":{"line":65,"column":13}},"48":{"start":{"line":69,"column":27},"end":{"line":69,"column":89}},"49":{"start":{"line":71,"column":4},"end":{"line":76,"column":5}},"50":{"start":{"line":72,"column":6},"end":{"line":72,"column":104}},"51":{"start":{"line":73,"column":6},"end":{"line":73,"column":39}},"52":{"start":{"line":74,"column":6},"end":{"line":74,"column":27}},"53":{"start":{"line":75,"column":6},"end":{"line":75,"column":13}},"54":{"start":{"line":78,"column":28},"end":{"line":78,"column":49}},"55":{"start":{"line":80,"column":19},"end":{"line":80,"column":102}},"56":{"start":{"line":83,"column":26},"end":{"line":85,"column":26}},"57":{"start":{"line":87,"column":27},"end":{"line":87,"column":49}},"58":{"start":{"line":88,"column":22},"end":{"line":88,"column":55}},"59":{"start":{"line":89,"column":24},"end":{"line":89,"column":50}},"60":{"start":{"line":91,"column":28},"end":{"line":91,"column":93}},"61":{"start":{"line":93,"column":22},"end":{"line":93,"column":59}},"62":{"start":{"line":95,"column":24},"end":{"line":114,"column":23}},"63":{"start":{"line":116,"column":4},"end":{"line":116,"column":38}},"64":{"start":{"line":117,"column":4},"end":{"line":117,"column":25}},"65":{"start":{"line":120,"column":4},"end":{"line":130,"column":5}},"66":{"start":{"line":121,"column":20},"end":{"line":126,"column":8}},"67":{"start":{"line":127,"column":6},"end":{"line":127,"column":140}},"68":{"start":{"line":129,"column":6},"end":{"line":129,"column":128}},"69":{"start":{"line":132,"column":4},"end":{"line":132,"column":41}},"70":{"start":{"line":134,"column":4},"end":{"line":134,"column":37}},"71":{"start":{"line":135,"column":4},"end":{"line":135,"column":25}},"72":{"start":{"line":136,"column":4},"end":{"line":136,"column":54}},"73":{"start":{"line":137,"column":4},"end":{"line":137,"column":75}},"74":{"start":{"line":13,"column":13},"end":{"line":13,"column":33}},"75":{"start":{"line":141,"column":33},"end":{"line":158,"column":1}},"76":{"start":{"line":142,"column":25},"end":{"line":142,"column":54}},"77":{"start":{"line":145,"column":2},"end":{"line":149,"column":3}},"78":{"start":{"line":146,"column":4},"end":{"line":146,"column":54}},"79":{"start":{"line":151,"column":2},"end":{"line":156,"column":null}},"80":{"start":{"line":160,"column":33},"end":{"line":191,"column":2}},"81":{"start":{"line":160,"column":90},"end":{"line":191,"column":2}},"82":{"start":{"line":161,"column":2},"end":{"line":190,"column":3}},"83":{"start":{"line":162,"column":17},"end":{"line":162,"column":56}},"84":{"start":{"line":163,"column":18},"end":{"line":163,"column":58}},"85":{"start":{"line":164,"column":17},"end":{"line":164,"column":35}},"86":{"start":{"line":166,"column":18},"end":{"line":166,"column":43}},"87":{"start":{"line":167,"column":30},"end":{"line":167,"column":69}},"88":{"start":{"line":168,"column":25},"end":{"line":175,"column":19}},"89":{"start":{"line":177,"column":31},"end":{"line":177,"column":73}},"90":{"start":{"line":178,"column":4},"end":{"line":187,"column":7}},"91":{"start":{"line":189,"column":4},"end":{"line":189,"column":76}},"92":{"start":{"line":160,"column":13},"end":{"line":160,"column":33}},"93":{"start":{"line":193,"column":31},"end":{"line":213,"column":2}},"94":{"start":{"line":193,"column":84},"end":{"line":213,"column":2}},"95":{"start":{"line":194,"column":2},"end":{"line":212,"column":3}},"96":{"start":{"line":195,"column":23},"end":{"line":195,"column":32}},"97":{"start":{"line":196,"column":23},"end":{"line":196,"column":25}},"98":{"start":{"line":197,"column":4},"end":{"line":197,"column":38}},"99":{"start":{"line":197,"column":16},"end":{"line":197,"column":38}},"100":{"start":{"line":199,"column":25},"end":{"line":205,"column":30}},"101":{"start":{"line":207,"column":31},"end":{"line":207,"column":73}},"102":{"start":{"line":208,"column":4},"end":{"line":208,"column":33}},"103":{"start":{"line":210,"column":4},"end":{"line":210,"column":62}},"104":{"start":{"line":211,"column":4},"end":{"line":211,"column":78}},"105":{"start":{"line":193,"column":13},"end":{"line":193,"column":31}},"106":{"start":{"line":215,"column":39},"end":{"line":254,"column":2}},"107":{"start":{"line":215,"column":92},"end":{"line":254,"column":2}},"108":{"start":{"line":216,"column":2},"end":{"line":253,"column":3}},"109":{"start":{"line":217,"column":19},"end":{"line":217,"column":29}},"110":{"start":{"line":218,"column":23},"end":{"line":218,"column":31}},"111":{"start":{"line":220,"column":24},"end":{"line":228,"column":8}},"112":{"start":{"line":230,"column":4},"end":{"line":233,"column":5}},"113":{"start":{"line":231,"column":6},"end":{"line":231,"column":65}},"114":{"start":{"line":232,"column":6},"end":{"line":232,"column":13}},"115":{"start":{"line":236,"column":2},"end":{"line":248,"column":5}},"116":{"start":{"line":237,"column":27},"end":{"line":237,"column":83}},"117":{"start":{"line":239,"column":18},"end":{"line":244,"column":8}},"118":{"start":{"line":245,"column":6},"end":{"line":245,"column":161}},"119":{"start":{"line":247,"column":6},"end":{"line":247,"column":163}},"120":{"start":{"line":250,"column":4},"end":{"line":250,"column":52}},"121":{"start":{"line":252,"column":4},"end":{"line":252,"column":82}},"122":{"start":{"line":215,"column":13},"end":{"line":215,"column":39}},"123":{"start":{"line":255,"column":35},"end":{"line":298,"column":2}},"124":{"start":{"line":255,"column":92},"end":{"line":298,"column":2}},"125":{"start":{"line":256,"column":2},"end":{"line":297,"column":3}},"126":{"start":{"line":257,"column":19},"end":{"line":257,"column":29}},"127":{"start":{"line":258,"column":20},"end":{"line":258,"column":32}},"128":{"start":{"line":260,"column":24},"end":{"line":260,"column":71}},"129":{"start":{"line":262,"column":4},"end":{"line":265,"column":5}},"130":{"start":{"line":263,"column":6},"end":{"line":263,"column":81}},"131":{"start":{"line":264,"column":6},"end":{"line":264,"column":13}},"132":{"start":{"line":267,"column":4},"end":{"line":270,"column":5}},"133":{"start":{"line":268,"column":6},"end":{"line":268,"column":118}},"134":{"start":{"line":269,"column":6},"end":{"line":269,"column":13}},"135":{"start":{"line":272,"column":4},"end":{"line":272,"column":53}},"136":{"start":{"line":273,"column":4},"end":{"line":273,"column":29}},"137":{"start":{"line":276,"column":4},"end":{"line":285,"column":5}},"138":{"start":{"line":277,"column":6},"end":{"line":282,"column":9}},"139":{"start":{"line":284,"column":6},"end":{"line":284,"column":141}},"140":{"start":{"line":287,"column":33},"end":{"line":291,"column":8}},"141":{"start":{"line":293,"column":4},"end":{"line":293,"column":61}},"142":{"start":{"line":295,"column":4},"end":{"line":295,"column":54}},"143":{"start":{"line":296,"column":4},"end":{"line":296,"column":77}},"144":{"start":{"line":255,"column":13},"end":{"line":255,"column":35}}},"fnMap":{"0":{"name":"(anonymous_8)","decl":{"start":{"line":13,"column":33},"end":{"line":13,"column":40}},"loc":{"start":{"line":13,"column":90},"end":{"line":139,"column":2}}},"1":{"name":"(anonymous_9)","decl":{"start":{"line":13,"column":90},"end":{"line":13,"column":null}},"loc":{"start":{"line":13,"column":90},"end":{"line":139,"column":1}}},"2":{"name":"(anonymous_10)","decl":{"start":{"line":141,"column":33},"end":{"line":141,"column":34}},"loc":{"start":{"line":141,"column":44},"end":{"line":158,"column":1}}},"3":{"name":"(anonymous_11)","decl":{"start":{"line":160,"column":33},"end":{"line":160,"column":40}},"loc":{"start":{"line":160,"column":90},"end":{"line":191,"column":2}}},"4":{"name":"(anonymous_12)","decl":{"start":{"line":160,"column":90},"end":{"line":160,"column":null}},"loc":{"start":{"line":160,"column":90},"end":{"line":191,"column":1}}},"5":{"name":"(anonymous_13)","decl":{"start":{"line":193,"column":31},"end":{"line":193,"column":38}},"loc":{"start":{"line":193,"column":84},"end":{"line":213,"column":2}}},"6":{"name":"(anonymous_14)","decl":{"start":{"line":193,"column":84},"end":{"line":193,"column":null}},"loc":{"start":{"line":193,"column":84},"end":{"line":213,"column":1}}},"7":{"name":"(anonymous_15)","decl":{"start":{"line":215,"column":39},"end":{"line":215,"column":46}},"loc":{"start":{"line":215,"column":92},"end":{"line":254,"column":2}}},"8":{"name":"(anonymous_16)","decl":{"start":{"line":215,"column":92},"end":{"line":215,"column":null}},"loc":{"start":{"line":215,"column":92},"end":{"line":254,"column":1}}},"9":{"name":"(anonymous_17)","decl":{"start":{"line":255,"column":35},"end":{"line":255,"column":42}},"loc":{"start":{"line":255,"column":92},"end":{"line":298,"column":2}}},"10":{"name":"(anonymous_18)","decl":{"start":{"line":255,"column":92},"end":{"line":255,"column":null}},"loc":{"start":{"line":255,"column":92},"end":{"line":298,"column":1}}}},"branchMap":{"0":{"loc":{"start":{"line":19,"column":20},"end":{"line":19,"column":32}},"type":"cond-expr","locations":[{"start":{"line":19,"column":28},"end":{"line":19,"column":30}},{"start":{"line":19,"column":28},"end":{"line":19,"column":32}}]},"1":{"loc":{"start":{"line":19,"column":20},"end":{"line":19,"column":30}},"type":"binary-expr","locations":[{"start":{"line":19,"column":20},"end":{"line":19,"column":30}},{"start":{"line":19,"column":28},"end":{"line":19,"column":30}}]},"2":{"loc":{"start":{"line":21,"column":4},"end":{"line":26,"column":5}},"type":"if","locations":[{"start":{"line":21,"column":4},"end":{"line":26,"column":5}},{"start":{},"end":{}}]},"3":{"loc":{"start":{"line":28,"column":4},"end":{"line":33,"column":5}},"type":"if","locations":[{"start":{"line":28,"column":4},"end":{"line":33,"column":5}},{"start":{},"end":{}}]},"4":{"loc":{"start":{"line":28,"column":8},"end":{"line":28,"column":22}},"type":"cond-expr","locations":[{"start":{"line":28,"column":16},"end":{"line":28,"column":18}},{"start":{"line":28,"column":16},"end":{"line":28,"column":22}}]},"5":{"loc":{"start":{"line":28,"column":8},"end":{"line":28,"column":18}},"type":"binary-expr","locations":[{"start":{"line":28,"column":8},"end":{"line":28,"column":18}},{"start":{"line":28,"column":16},"end":{"line":28,"column":18}}]},"6":{"loc":{"start":{"line":35,"column":4},"end":{"line":40,"column":5}},"type":"if","locations":[{"start":{"line":35,"column":4},"end":{"line":40,"column":5}},{"start":{},"end":{}}]},"7":{"loc":{"start":{"line":35,"column":8},"end":{"line":35,"column":79}},"type":"binary-expr","locations":[{"start":{"line":35,"column":8},"end":{"line":35,"column":19}},{"start":{"line":35,"column":23},"end":{"line":35,"column":34}},{"start":{"line":35,"column":38},"end":{"line":35,"column":50}},{"start":{"line":35,"column":54},"end":{"line":35,"column":79}}]},"8":{"loc":{"start":{"line":45,"column":4},"end":{"line":50,"column":5}},"type":"if","locations":[{"start":{"line":45,"column":4},"end":{"line":50,"column":5}},{"start":{},"end":{}}]},"9":{"loc":{"start":{"line":45,"column":8},"end":{"line":45,"column":69}},"type":"binary-expr","locations":[{"start":{"line":45,"column":8},"end":{"line":45,"column":36}},{"start":{"line":45,"column":40},"end":{"line":45,"column":69}}]},"10":{"loc":{"start":{"line":52,"column":4},"end":{"line":57,"column":5}},"type":"if","locations":[{"start":{"line":52,"column":4},"end":{"line":57,"column":5}},{"start":{},"end":{}}]},"11":{"loc":{"start":{"line":61,"column":4},"end":{"line":66,"column":5}},"type":"if","locations":[{"start":{"line":61,"column":4},"end":{"line":66,"column":5}},{"start":{},"end":{}}]},"12":{"loc":{"start":{"line":71,"column":4},"end":{"line":76,"column":5}},"type":"if","locations":[{"start":{"line":71,"column":4},"end":{"line":76,"column":5}},{"start":{},"end":{}}]},"13":{"loc":{"start":{"line":83,"column":26},"end":{"line":85,"column":26}},"type":"cond-expr","locations":[{"start":{"line":84,"column":8},"end":{"line":84,"column":70}},{"start":{"line":85,"column":8},"end":{"line":85,"column":26}}]},"14":{"loc":{"start":{"line":101,"column":21},"end":{"line":101,"column":39}},"type":"binary-expr","locations":[{"start":{"line":101,"column":21},"end":{"line":101,"column":34}},{"start":{"line":101,"column":38},"end":{"line":101,"column":39}}]},"15":{"loc":{"start":{"line":142,"column":25},"end":{"line":142,"column":54}},"type":"cond-expr","locations":[{"start":{"line":142,"column":38},"end":{"line":142,"column":50}},{"start":{"line":142,"column":53},"end":{"line":142,"column":54}}]},"16":{"loc":{"start":{"line":145,"column":2},"end":{"line":149,"column":3}},"type":"if","locations":[{"start":{"line":145,"column":2},"end":{"line":149,"column":3}},{"start":{},"end":{}}]},"17":{"loc":{"start":{"line":145,"column":6},"end":{"line":145,"column":108}},"type":"binary-expr","locations":[{"start":{"line":145,"column":6},"end":{"line":145,"column":57}},{"start":{"line":145,"column":61},"end":{"line":145,"column":108}}]},"18":{"loc":{"start":{"line":155,"column":14},"end":{"line":155,"column":75}},"type":"binary-expr","locations":[{"start":{"line":155,"column":14},"end":{"line":155,"column":67}},{"start":{"line":155,"column":71},"end":{"line":155,"column":75}}]},"19":{"loc":{"start":{"line":155,"column":14},"end":{"line":155,"column":67}},"type":"cond-expr","locations":[{"start":{"line":155,"column":55},"end":{"line":155,"column":57}},{"start":{"line":155,"column":55},"end":{"line":155,"column":67}}]},"20":{"loc":{"start":{"line":155,"column":14},"end":{"line":155,"column":57}},"type":"binary-expr","locations":[{"start":{"line":155,"column":14},"end":{"line":155,"column":57}},{"start":{"line":155,"column":55},"end":{"line":155,"column":57}}]},"21":{"loc":{"start":{"line":155,"column":14},"end":{"line":155,"column":55}},"type":"cond-expr","locations":[{"start":{"line":155,"column":47},"end":{"line":155,"column":49}},{"start":{"line":155,"column":47},"end":{"line":155,"column":55}}]},"22":{"loc":{"start":{"line":155,"column":14},"end":{"line":155,"column":49}},"type":"binary-expr","locations":[{"start":{"line":155,"column":14},"end":{"line":155,"column":49}},{"start":{"line":155,"column":47},"end":{"line":155,"column":49}}]},"23":{"loc":{"start":{"line":155,"column":14},"end":{"line":155,"column":47}},"type":"cond-expr","locations":[{"start":{"line":155,"column":42},"end":{"line":155,"column":45}},{"start":{"line":155,"column":42},"end":{"line":155,"column":47}}]},"24":{"loc":{"start":{"line":155,"column":14},"end":{"line":155,"column":45}},"type":"binary-expr","locations":[{"start":{"line":155,"column":14},"end":{"line":155,"column":45}},{"start":{"line":155,"column":42},"end":{"line":155,"column":45}}]},"25":{"loc":{"start":{"line":162,"column":17},"end":{"line":162,"column":56}},"type":"binary-expr","locations":[{"start":{"line":162,"column":17},"end":{"line":162,"column":51}},{"start":{"line":162,"column":55},"end":{"line":162,"column":56}}]},"26":{"loc":{"start":{"line":163,"column":18},"end":{"line":163,"column":58}},"type":"binary-expr","locations":[{"start":{"line":163,"column":18},"end":{"line":163,"column":53}},{"start":{"line":163,"column":57},"end":{"line":163,"column":58}}]},"27":{"loc":{"start":{"line":166,"column":29},"end":{"line":166,"column":41}},"type":"cond-expr","locations":[{"start":{"line":166,"column":37},"end":{"line":166,"column":39}},{"start":{"line":166,"column":37},"end":{"line":166,"column":41}}]},"28":{"loc":{"start":{"line":166,"column":29},"end":{"line":166,"column":39}},"type":"binary-expr","locations":[{"start":{"line":166,"column":29},"end":{"line":166,"column":39}},{"start":{"line":166,"column":37},"end":{"line":166,"column":39}}]},"29":{"loc":{"start":{"line":197,"column":4},"end":{"line":197,"column":38}},"type":"if","locations":[{"start":{"line":197,"column":4},"end":{"line":197,"column":38}},{"start":{},"end":{}}]},"30":{"loc":{"start":{"line":230,"column":4},"end":{"line":233,"column":5}},"type":"if","locations":[{"start":{"line":230,"column":4},"end":{"line":233,"column":5}},{"start":{},"end":{}}]},"31":{"loc":{"start":{"line":237,"column":27},"end":{"line":237,"column":83}},"type":"binary-expr","locations":[{"start":{"line":237,"column":27},"end":{"line":237,"column":60}},{"start":{"line":237,"column":64},"end":{"line":237,"column":83}}]},"32":{"loc":{"start":{"line":237,"column":27},"end":{"line":237,"column":60}},"type":"cond-expr","locations":[{"start":{"line":237,"column":55},"end":{"line":237,"column":57}},{"start":{"line":237,"column":55},"end":{"line":237,"column":60}}]},"33":{"loc":{"start":{"line":237,"column":27},"end":{"line":237,"column":57}},"type":"binary-expr","locations":[{"start":{"line":237,"column":27},"end":{"line":237,"column":57}},{"start":{"line":237,"column":55},"end":{"line":237,"column":57}}]},"34":{"loc":{"start":{"line":258,"column":20},"end":{"line":258,"column":32}},"type":"cond-expr","locations":[{"start":{"line":258,"column":28},"end":{"line":258,"column":30}},{"start":{"line":258,"column":28},"end":{"line":258,"column":32}}]},"35":{"loc":{"start":{"line":258,"column":20},"end":{"line":258,"column":30}},"type":"binary-expr","locations":[{"start":{"line":258,"column":20},"end":{"line":258,"column":30}},{"start":{"line":258,"column":28},"end":{"line":258,"column":30}}]},"36":{"loc":{"start":{"line":262,"column":4},"end":{"line":265,"column":5}},"type":"if","locations":[{"start":{"line":262,"column":4},"end":{"line":265,"column":5}},{"start":{},"end":{}}]},"37":{"loc":{"start":{"line":267,"column":4},"end":{"line":270,"column":5}},"type":"if","locations":[{"start":{"line":267,"column":4},"end":{"line":270,"column":5}},{"start":{},"end":{}}]}},"s":{"0":1,"1":1,"2":1,"3":1,"4":1,"5":1,"6":1,"7":1,"8":1,"9":1,"10":1,"11":1,"12":1,"13":1,"14":1,"15":1,"16":0,"17":0,"18":0,"19":0,"20":1,"21":0,"22":0,"23":0,"24":0,"25":1,"26":0,"27":0,"28":0,"29":0,"30":1,"31":1,"32":1,"33":0,"34":0,"35":0,"36":0,"37":1,"38":0,"39":0,"40":0,"41":0,"42":1,"43":1,"44":0,"45":0,"46":0,"47":0,"48":1,"49":1,"50":0,"51":0,"52":0,"53":0,"54":1,"55":1,"56":1,"57":1,"58":1,"59":1,"60":1,"61":1,"62":1,"63":1,"64":1,"65":1,"66":1,"67":1,"68":0,"69":1,"70":0,"71":0,"72":0,"73":0,"74":1,"75":1,"76":1,"77":1,"78":0,"79":1,"80":1,"81":0,"82":0,"83":0,"84":0,"85":0,"86":0,"87":0,"88":0,"89":0,"90":0,"91":0,"92":1,"93":1,"94":0,"95":0,"96":0,"97":0,"98":0,"99":0,"100":0,"101":0,"102":0,"103":0,"104":0,"105":1,"106":1,"107":1,"108":1,"109":1,"110":1,"111":1,"112":1,"113":0,"114":0,"115":1,"116":1,"117":1,"118":1,"119":0,"120":1,"121":0,"122":1,"123":1,"124":0,"125":0,"126":0,"127":0,"128":0,"129":0,"130":0,"131":0,"132":0,"133":0,"134":0,"135":0,"136":0,"137":0,"138":0,"139":0,"140":0,"141":0,"142":0,"143":0,"144":1},"f":{"0":1,"1":1,"2":1,"3":0,"4":0,"5":0,"6":0,"7":1,"8":1,"9":0,"10":0},"b":{"0":[0,1],"1":[1,1],"2":[0,1],"3":[0,1],"4":[0,1],"5":[1,1],"6":[0,1],"7":[1,1,1,1],"8":[0,1],"9":[1,1],"10":[0,1],"11":[0,1],"12":[0,1],"13":[0,1],"14":[1,1],"15":[1,0],"16":[0,1],"17":[1,0],"18":[1,1],"19":[0,1],"20":[1,1],"21":[0,1],"22":[1,1],"23":[0,1],"24":[1,1],"25":[0,0],"26":[0,0],"27":[0,0],"28":[0,0],"29":[0,0],"30":[0,1],"31":[1,1],"32":[0,1],"33":[1,1],"34":[0,0],"35":[0,0],"36":[0,0],"37":[0,0]}}
,"D:\\HotelManagementSystem\\server\\src\\controllers\\reviewController.ts": {"path":"D:\\HotelManagementSystem\\server\\src\\controllers\\reviewController.ts","statementMap":{"0":{"start":{"line":2,"column":0},"end":{"line":2,"column":38}},"1":{"start":{"line":3,"column":0},"end":{"line":3,"column":42}},"2":{"start":{"line":6,"column":29},"end":{"line":17,"column":2}},"3":{"start":{"line":6,"column":58},"end":{"line":17,"column":2}},"4":{"start":{"line":7,"column":18},"end":{"line":7,"column":51}},"5":{"start":{"line":8,"column":21},"end":{"line":8,"column":35}},"6":{"start":{"line":9,"column":17},"end":{"line":11,"column":7}},"7":{"start":{"line":10,"column":36},"end":{"line":10,"column":53}},"8":{"start":{"line":13,"column":2},"end":{"line":16,"column":5}},"9":{"start":{"line":19,"column":28},"end":{"line":42,"column":2}},"10":{"start":{"line":19,"column":85},"end":{"line":42,"column":2}},"11":{"start":{"line":20,"column":2},"end":{"line":41,"column":3}},"12":{"start":{"line":21,"column":44},"end":{"line":21,"column":52}},"13":{"start":{"line":22,"column":19},"end":{"line":22,"column":31}},"14":{"start":{"line":24,"column":4},"end":{"line":27,"column":5}},"15":{"start":{"line":25,"column":6},"end":{"line":25,"column":56}},"16":{"start":{"line":26,"column":6},"end":{"line":26,"column":13}},"17":{"start":{"line":29,"column":19},"end":{"line":34,"column":6}},"18":{"start":{"line":36,"column":4},"end":{"line":36,"column":43}},"19":{"start":{"line":38,"column":4},"end":{"line":38,"column":33}},"20":{"start":{"line":40,"column":4},"end":{"line":40,"column":70}},"21":{"start":{"line":19,"column":13},"end":{"line":19,"column":28}},"22":{"start":{"line":44,"column":36},"end":{"line":52,"column":2}},"23":{"start":{"line":44,"column":89},"end":{"line":52,"column":2}},"24":{"start":{"line":45,"column":2},"end":{"line":51,"column":3}},"25":{"start":{"line":46,"column":27},"end":{"line":46,"column":37}},"26":{"start":{"line":47,"column":20},"end":{"line":47,"column":97}},"27":{"start":{"line":48,"column":4},"end":{"line":48,"column":22}},"28":{"start":{"line":50,"column":4},"end":{"line":50,"column":71}},"29":{"start":{"line":44,"column":13},"end":{"line":44,"column":36}},"30":{"start":{"line":54,"column":28},"end":{"line":81,"column":2}},"31":{"start":{"line":54,"column":85},"end":{"line":81,"column":2}},"32":{"start":{"line":55,"column":2},"end":{"line":80,"column":3}},"33":{"start":{"line":56,"column":19},"end":{"line":56,"column":29}},"34":{"start":{"line":57,"column":32},"end":{"line":57,"column":40}},"35":{"start":{"line":58,"column":19},"end":{"line":58,"column":31}},"36":{"start":{"line":60,"column":19},"end":{"line":60,"column":44}},"37":{"start":{"line":61,"column":4},"end":{"line":64,"column":5}},"38":{"start":{"line":62,"column":6},"end":{"line":62,"column":60}},"39":{"start":{"line":63,"column":6},"end":{"line":63,"column":13}},"40":{"start":{"line":66,"column":4},"end":{"line":69,"column":5}},"41":{"start":{"line":67,"column":6},"end":{"line":67,"column":78}},"42":{"start":{"line":68,"column":6},"end":{"line":68,"column":13}},"43":{"start":{"line":71,"column":4},"end":{"line":71,"column":44}},"44":{"start":{"line":72,"column":4},"end":{"line":72,"column":47}},"45":{"start":{"line":73,"column":4},"end":{"line":73,"column":24}},"46":{"start":{"line":75,"column":4},"end":{"line":75,"column":61}},"47":{"start":{"line":77,"column":4},"end":{"line":77,"column":21}},"48":{"start":{"line":79,"column":4},"end":{"line":79,"column":70}},"49":{"start":{"line":54,"column":13},"end":{"line":54,"column":28}},"50":{"start":{"line":83,"column":28},"end":{"line":109,"column":2}},"51":{"start":{"line":83,"column":85},"end":{"line":109,"column":2}},"52":{"start":{"line":84,"column":2},"end":{"line":108,"column":3}},"53":{"start":{"line":85,"column":19},"end":{"line":85,"column":29}},"54":{"start":{"line":86,"column":19},"end":{"line":86,"column":31}},"55":{"start":{"line":87,"column":21},"end":{"line":87,"column":35}},"56":{"start":{"line":89,"column":19},"end":{"line":89,"column":44}},"57":{"start":{"line":90,"column":4},"end":{"line":93,"column":5}},"58":{"start":{"line":91,"column":6},"end":{"line":91,"column":60}},"59":{"start":{"line":92,"column":6},"end":{"line":92,"column":13}},"60":{"start":{"line":95,"column":4},"end":{"line":98,"column":5}},"61":{"start":{"line":96,"column":6},"end":{"line":96,"column":78}},"62":{"start":{"line":97,"column":6},"end":{"line":97,"column":13}},"63":{"start":{"line":100,"column":23},"end":{"line":100,"column":51}},"64":{"start":{"line":101,"column":4},"end":{"line":101,"column":29}},"65":{"start":{"line":103,"column":4},"end":{"line":103,"column":43}},"66":{"start":{"line":105,"column":4},"end":{"line":105,"column":57}},"67":{"start":{"line":107,"column":4},"end":{"line":107,"column":70}},"68":{"start":{"line":83,"column":13},"end":{"line":83,"column":28}},"69":{"start":{"line":111,"column":29},"end":{"line":122,"column":2}},"70":{"start":{"line":111,"column":82},"end":{"line":122,"column":2}},"71":{"start":{"line":112,"column":2},"end":{"line":121,"column":3}},"72":{"start":{"line":113,"column":20},"end":{"line":117,"column":16}},"73":{"start":{"line":118,"column":4},"end":{"line":118,"column":22}},"74":{"start":{"line":120,"column":4},"end":{"line":120,"column":75}},"75":{"start":{"line":111,"column":13},"end":{"line":111,"column":29}}},"fnMap":{"0":{"name":"(anonymous_8)","decl":{"start":{"line":6,"column":29},"end":{"line":6,"column":36}},"loc":{"start":{"line":6,"column":58},"end":{"line":17,"column":2}}},"1":{"name":"(anonymous_9)","decl":{"start":{"line":6,"column":58},"end":{"line":6,"column":null}},"loc":{"start":{"line":6,"column":58},"end":{"line":17,"column":1}}},"2":{"name":"(anonymous_10)","decl":{"start":{"line":10,"column":21},"end":{"line":10,"column":22}},"loc":{"start":{"line":10,"column":36},"end":{"line":10,"column":53}}},"3":{"name":"(anonymous_11)","decl":{"start":{"line":19,"column":28},"end":{"line":19,"column":35}},"loc":{"start":{"line":19,"column":85},"end":{"line":42,"column":2}}},"4":{"name":"(anonymous_12)","decl":{"start":{"line":19,"column":85},"end":{"line":19,"column":null}},"loc":{"start":{"line":19,"column":85},"end":{"line":42,"column":1}}},"5":{"name":"(anonymous_13)","decl":{"start":{"line":44,"column":36},"end":{"line":44,"column":43}},"loc":{"start":{"line":44,"column":89},"end":{"line":52,"column":2}}},"6":{"name":"(anonymous_14)","decl":{"start":{"line":44,"column":89},"end":{"line":44,"column":null}},"loc":{"start":{"line":44,"column":89},"end":{"line":52,"column":1}}},"7":{"name":"(anonymous_15)","decl":{"start":{"line":54,"column":28},"end":{"line":54,"column":35}},"loc":{"start":{"line":54,"column":85},"end":{"line":81,"column":2}}},"8":{"name":"(anonymous_16)","decl":{"start":{"line":54,"column":85},"end":{"line":54,"column":null}},"loc":{"start":{"line":54,"column":85},"end":{"line":81,"column":1}}},"9":{"name":"(anonymous_17)","decl":{"start":{"line":83,"column":28},"end":{"line":83,"column":35}},"loc":{"start":{"line":83,"column":85},"end":{"line":109,"column":2}}},"10":{"name":"(anonymous_18)","decl":{"start":{"line":83,"column":85},"end":{"line":83,"column":null}},"loc":{"start":{"line":83,"column":85},"end":{"line":109,"column":1}}},"11":{"name":"(anonymous_19)","decl":{"start":{"line":111,"column":29},"end":{"line":111,"column":36}},"loc":{"start":{"line":111,"column":82},"end":{"line":122,"column":2}}},"12":{"name":"(anonymous_20)","decl":{"start":{"line":111,"column":82},"end":{"line":111,"column":null}},"loc":{"start":{"line":111,"column":82},"end":{"line":122,"column":1}}}},"branchMap":{"0":{"loc":{"start":{"line":9,"column":17},"end":{"line":11,"column":7}},"type":"cond-expr","locations":[{"start":{"line":10,"column":6},"end":{"line":10,"column":70}},{"start":{"line":11,"column":6},"end":{"line":11,"column":7}}]},"1":{"loc":{"start":{"line":22,"column":19},"end":{"line":22,"column":31}},"type":"cond-expr","locations":[{"start":{"line":22,"column":27},"end":{"line":22,"column":29}},{"start":{"line":22,"column":27},"end":{"line":22,"column":31}}]},"2":{"loc":{"start":{"line":22,"column":19},"end":{"line":22,"column":29}},"type":"binary-expr","locations":[{"start":{"line":22,"column":19},"end":{"line":22,"column":29}},{"start":{"line":22,"column":27},"end":{"line":22,"column":29}}]},"3":{"loc":{"start":{"line":24,"column":4},"end":{"line":27,"column":5}},"type":"if","locations":[{"start":{"line":24,"column":4},"end":{"line":27,"column":5}},{"start":{},"end":{}}]},"4":{"loc":{"start":{"line":58,"column":19},"end":{"line":58,"column":31}},"type":"cond-expr","locations":[{"start":{"line":58,"column":27},"end":{"line":58,"column"
[...]
,"D:\\HotelManagementSystem\\server\\src\\types\\enums.ts": {"path":"D:\\HotelManagementSystem\\server\\src\\types\\enums.ts","statementMap":{"0":{"start":{"line":1,"column":0},"end":{"line":1,"column":null}},"1":{"start":{"line":2,"column":2},"end":{"line":2,"column":null}},"2":{"start":{"line":3,"column":2},"end":{"line":3,"column":null}},"3":{"start":{"line":4,"column":2},"end":{"line":4,"column":null}},"4":{"start":{"line":5,"column":2},"end":{"line":5,"column":null}},"5":{"start":{"line":6,"column":2},"end":{"line":6,"column":null}},"6":{"start":{"line":9,"column":0},"end":{"line":9,"column":null}},"7":{"start":{"line":10,"column":2},"end":{"line":10,"column":null}},"8":{"start":{"line":11,"column":2},"end":{"line":11,"column":null}},"9":{"start":{"line":14,"column":0},"end":{"line":14,"column":null}},"10":{"start":{"line":15,"column":2},"end":{"line":15,"column":null}},"11":{"start":{"line":16,"column":2},"end":{"line":16,"column":null}},"12":{"start":{"line":17,"column":2},"end":{"line":17,"column":null}},"13":{"start":{"line":18,"column":2},"end":{"line":18,"column":null}},"14":{"start":{"line":19,"column":2},"end":{"line":19,"column":null}},"15":{"start":{"line":20,"column":2},"end":{"line":20,"column":null}},"16":{"start":{"line":23,"column":0},"end":{"line":23,"column":null}},"17":{"start":{"line":24,"column":2},"end":{"line":24,"column":null}},"18":{"start":{"line":25,"column":2},"end":{"line":25,"column":null}},"19":{"start":{"line":26,"column":2},"end":{"line":26,"column":null}},"20":{"start":{"line":27,"column":2},"end":{"line":27,"column":null}},"21":{"start":{"line":28,"column":2},"end":{"line":28,"column":null}},"22":{"start":{"line":29,"column":2},"end":{"line":29,"column":null}},"23":{"start":{"line":32,"column":0},"end":{"line":32,"column":null}},"24":{"start":{"line":33,"column":2},"end":{"line":33,"column":null}},"25":{"start":{"line":34,"column":2},"end":{"line":34,"column":null}},"26":{"start":{"line":35,"column":2},"end":{"line":35,"column":null}},"27":{"start":{"line":36,"column":2},"end":{"line":36,"column":null}},"28":{"start":{"line":39,"column":0},"end":{"line":39,"column":null}},"29":{"start":{"line":40,"column":2},"end":{"line":40,"column":null}},"30":{"start":{"line":41,"column":2},"end":{"line":41,"column":null}},"31":{"start":{"line":42,"column":2},"end":{"line":42,"column":null}},"32":{"start":{"line":43,"column":2},"end":{"line":43,"column":null}},"33":{"start":{"line":46,"column":0},"end":{"line":46,"column":null}},"34":{"start":{"line":47,"column":2},"end":{"line":47,"column":null}},"35":{"start":{"line":48,"column":2},"end":{"line":48,"column":null}},"36":{"start":{"line":49,"column":2},"end":{"line":49,"column":null}},"37":{"start":{"line":50,"column":2},"end":{"line":50,"column":null}},"38":{"start":{"line":53,"column":0},"end":{"line":53,"column":null}},"39":{"start":{"line":54,"column":2},"end":{"line":54,"column":null}},"40":{"start":{"line":55,"column":2},"end":{"line":55,"column":null}},"41":{"start":{"line":56,"column":2},"end":{"line":56,"column":null}},"42":{"start":{"line":57,"column":2},"end":{"line":57,"column":null}},"43":{"start":{"line":58,"column":2},"end":{"line":58,"column":null}},"44":{"start":{"line":59,"column":2},"end":{"line":59,"column":null}},"45":{"start":{"line":60,"column":2},"end":{"line":60,"column":null}}},"fnMap":{"0":{"name":"(anonymous_0)","decl":{"start":{"line":1,"column":0},"end":{"line":1,"column":12}},"loc":{"start":{"line":1,"column":20},"end":{"line":7,"column":1}}},"1":{"name":"(anonymous_1)","decl":{"start":{"line":9,"column":0},"end":{"line":9,"column":12}},"loc":{"start":{"line":9,"column":22},"end":{"line":12,"column":1}}},"2":{"name":"(anonymous_2)","decl":{"start":{"line":14,"column":0},"end":{"line":14,"column":12}},"loc":{"start":{"line":14,"column":22},"end":{"line":21,"column":1}}},"3":{"name":"(anonymous_3)","decl":{"start":{"line":23,"column":0},"end":{"line":23,"column":12}},"loc":{"start":{"line":23,"column":25},"end":{"line":30,"column":1}}},"4":{"name":"(anonymous_4)","decl":{"start":{"line":32,"column":0},"end":{"line":32,"column":12}},"loc":{"start":{"line":32,"column":29},"end":{"line":37,"column":1}}},"5":{"name":"(anonymous_5)","decl":{"start":{"line":39,"column":0},"end":{"line":39,"column":12}},"loc":{"start":{"line":39,"column":30},"end":{"line":44,"column":1}}},"6":{"name":"(anonymous_6)","decl":{"start":{"line":46,"column":0},"end":{"line":46,"column":12}},"loc":{"start":{"line":46,"column":25},"end":{"line":51,"column":1}}},"7":{"name":"(anonymous_7)","decl":{"start":{"line":53,"column":0},"end":{"line":53,"column":12}},"loc":{"start":{"line":53,"column":28},"end":{"line":61,"column":1}}}},"branchMap":{"0":{"loc":{"start":{"line":1,"column":12},"end":{"line":1,"column":null}},"type":"binary-expr","locations":[{"start":{"line":1,"column":12},"end":{"line":1,"column":20}},{"start":{"line":1,"column":20},"end":{"line":1,"column":null}}]},"1":{"loc":{"start":{"line":9,"column":12},"end":{"line":9,"column":null}},"type":"binary-expr","locations":[{"start":{"line":9,"column":12},"end":{"line":9,"column":22}},{"start":{"line":9,"column":22},"end":{"line":9,"column":null}}]},"2":{"loc":{"start":{"line":14,"column":12},"end":{"line":14,"column":null}},"type":"binary-expr","locations":[{"start":{"line":14,"column":12},"end":{"line":14,"column":22}},{"start":{"line":14,"column":22},"end":{"line":14,"column":null}}]},"3":{"loc":{"start":{"line":23,"column":12},"end":{"line":23,"column":null}},"type":"binary-expr","locations":[{"start":{"line":23,"column":12},"end":{"line":23,"column":25}},{"start":{"line":23,"column":25},"end":{"line":23,"column":null}}]},"4":{"loc":{"start":{"line":32,"column":12},"end":{"line":32,"column":null}},"type":"binary-expr","locations":[{"start":{"line":32,"column":12},"end":{"line":32,"column":29}},{"start":{"line":32,"column":29},"end":{"line":32,"column":null}}]},"5":{"loc":{"start":{"line":39,"column":12},"end":{"line":39,"column":null}},"type":"binary-expr","locations":[{"start":{"line":39,"column":12},"end":{"line":39,"column":30}},{"start":{"line":39,"column":30},"end":{"line":39,"column":null}}]},"6":{"loc":{"start":{"line":46,"column":12},"end":{"line":46,"column":null}},"type":"binary-expr","locations":[{"start":{"line":46,"column":12},"end":{"line":46,"column":25}},{"start":{"line":46,"column":25},"end":{"line":46,"column":null}}]},"7":{"loc":{"start":{"line":53,"column":12},"end":{"line":53,"column":null}},"type":"binary-expr","locations":[{"start":{"line":53,"column":12},"end":{"line":53,"column":28}},{"start":{"line":53,"column":28},"end":{"line":53,"column":null}}]}},"s":{"0":2,"1":2,"2":2,"3":2,"4":2,"5":2,"6":2,"7":2,"8":2,"9":2,"10":2,"11":2,"12":2,"13":2,"14":2,"15":2,"16":2,"17":2,"18":2,"19":2,"20":2,"21":2,"22":2,"23":2,"24":2,"25":2,"26":2,"27":2,"28":2,"29":2,"30":2,"31":2,"32":2,"33":2,"34":2,"35":2,"36":2,"37":2,"38":2,"39":2,"40":2,"41":2,"42":2,"43":2,"44":2,"45":2},"f":{"0":2,"1":2,"2":2,"3":2,"4":2,"5":2,"6":2,"7":2},"b":{"0":[2,2],"1":[2,2],"2":[2,2],"3":[2,2],"4":[2,2],"5":[2,2],"6":[2,2],"7":[2,2]}}
,"D:\\HotelManagementSystem\\server\\src\\utils\\mongooseSession.ts": {"path":"D:\\HotelManagementSystem\\server\\src\\utils\\mongooseSession.ts","statementMap":{"0":{"start":{"line":1,"column":0},"end":{"line":1,"column":32}},"1":{"start":{"line":11,"column":26},"end":{"line":17,"column":2}},"2":{"start":{"line":11,"column":46},"end":{"line":17,"column":2}},"3":{"start":{"line":13,"column":32},"end":{"line":13,"column":null}},"4":{"start":{"line":14,"column":31},"end":{"line":14,"column":null}},"5":{"start":{"line":19,"column":30},"end":{"line":31,"column":2}},"6":{"start":{"line":19,"column":55},"end":{"line":31,"column":2}},"7":{"start":{"line":20,"column":2},"end":{"line":30,"column":3}},"8":{"start":{"line":21,"column":20},"end":{"line":21,"column":49}},"9":{"start":{"line":23,"column":4},"end":{"line":25,"column":5}},"10":{"start":{"line":24,"column":6},"end":{"line":24,"column":33}},"11":{"start":{"line":27,"column":4},"end":{"line":27,"column":19}},"12":{"start":{"line":29,"column":4},"end":{"line":29,"column":31}},"13":{"start":{"line":19,"column":13},"end":{"line":19,"column":30}},"14":{"start":{"line":33,"column":27},"end":{"line":43,"column":1}},"15":{"start":{"line":34,"column":2},"end":{"line":36,"column":3}},"16":{"start":{"line":35,"column":4},"end":{"line":35,"column":17}},"17":{"start":{"line":38,"column":2},"end":{"line":40,"column":3}},"18":{"start":{"line":39,"column":4},"end":{"line":39,"column":43}},"19":{"start":{"line":42,"column":2},"end":{"line":42,"column":15}},"20":{"start":{"line":33,"column":13},"end":{"line":33,"column":27}},"21":{"start":{"line":45,"column":33},"end":{"line":50,"column":1}},"22":{"start":{"line":46,"column":2},"end":{"line":48,"column":3}},"23":{"start":{"line":47,"column":4},"end":{"line":47,"column":14}},"24":{"start":{"line":49,"column":2},"end":{"line":49,"column":21}},"25":{"start":{"line":45,"column":13},"end":{"line":45,"column":33}}},"fnMap":{"0":{"name":"(anonymous_8)","decl":{"start":{"line":11,"column":26},"end":{"line":11,"column":42}},"loc":{"start":{"line":11,"column":46},"end":{"line":17,"column":2}}},"1":{"name":"(anonymous_9)","decl":{"start":{"line":12,"column":20},"end":{"line":12,"column":23}},"loc":{"start":{"line":12,"column":25},"end":{"line":12,"column":28}}},"2":{"name":"(anonymous_10)","decl":{"start":{"line":13,"column":21},"end":{"line":13,"column":30}},"loc":{"start":{"line":13,"column":32},"end":{"line":13,"column":null}}},"3":{"name":"(anonymous_11)","decl":{"start":{"line":13,"column":32},"end":{"line":13,"column":34}},"loc":{"start":{"line":13,"column":32},"end":{"line":13,"column":35}}},"4":{"name":"(anonymous_12)","decl":{"start":{"line":14,"column":20},"end":{"line":14,"column":29}},"loc":{"start":{"line":14,"column":31},"end":{"line":14,"column":null}}},"5":{"name":"(anonymous_13)","decl":{"start":{"line":14,"column":31},"end":{"line":14,"column":33}},"loc":{"start":{"line":14,"column":31},"end":{"line":14,"column":34}}},"6":{"name":"(anonymous_14)","decl":{"start":{"line":15,"column":14},"end":{"line":15,"column":17}},"loc":{"start":{"line":15,"column":19},"end":{"line":15,"column":22}}},"7":{"name":"(anonymous_15)","decl":{"start":{"line":19,"column":30},"end":{"line":19,"column":53}},"loc":{"start":{"line":19,"column":55},"end":{"line":31,"column":2}}},"8":{"name":"(anonymous_16)","decl":{"start":{"line":19,"column":55},"end":{"line":19,"column":null}},"loc":{"start":{"line":19,"column":55},"end":{"line":31,"column":1}}},"9":{"name":"(anonymous_17)","decl":{"start":{"line":33,"column":27},"end":{"line":33,"column":31}},"loc":{"start":{"line":33,"column":60},"end":{"line":43,"column":1}}},"10":{"name":"(anonymous_18)","decl":{"start":{"line":45,"column":33},"end":{"line":45,"column":34}},"loc":{"start":{"line":45,"column":50},"end":{"line":50,"column":1}}}},"branchMap":{"0":{"loc":{"start":{"line":23,"column":4},"end":{"line":25,"column":5}},"type":"if","locations":[{"start":{"line":23,"column":4},"end":{"line":25,"column":5}},{"start":{},"end":{}}]},"1":{"loc":{"start":{"line":34,"column":2},"end":{"line":36,"column":3}},"type":"if","locations":[{"start":{"line":34,"column":2},"end":{"line":36,"column":3}},{"start":{},"end":{}}]},"2":{"loc":{"start":{"line":34,"column":6},"end":{"line":34,"column":21}},"type":"cond-expr","locations":[{"start":{"line":34,"column":13},"end":{"line":34,"column":15}},{"start":{"line":34,"column":6},"end":{"line":34,"column":21}}]},"3":{"loc":{"start":{"line":34,"column":6},"end":{"line":34,"column":15}},"type":"binary-expr","locations":[{"start":{"line":34,"column":6},"end":{"line":34,"column":15}},{"start":{"line":34,"column":6},"end":{"line":34,"column":15}}]},"4":{"loc":{"start":{"line":38,"column":2},"end":{"line":40,"column":3}},"type":"if","locations":[{"start":{"line":38,"column":2},"end":{"line":40,"column":3}},{"start":{},"end":{}}]},"5":{"loc":{"start":{"line":38,"column":6},"end":{"line":38,"column":59}},"type":"binary-expr","locations":[{"start":{"line":38,"column":6},"end":{"line":38,"column":11}},{"start":{"line":38,"column":15},"end":{"line":38,"column":59}}]},"6":{"loc":{"start":{"line":46,"column":2},"end":{"line":48,"column":3}},"type":"if","locations":[{"start":{"line":46,"column":2},"end":{"line":48,"column":3}},{"start":{},"end":{}}]},"7":{"loc":{"start":{"line":46,"column":6},"end":{"line":46,"column":21}},"type":"cond-expr","locations":[{"start":{"line":46,"column":13},"end":{"line":46,"column":15}},{"start":{"line":46,"column":6},"end":{"line":46,"column":21}}]},"8":{"loc":{"start":{"line":46,"column":6},"end":{"line":46,"column":15}},"type":"binary-expr","locations":[{"start":{"line":46,"column":6},"end":{"line":46,"column":15}},{"start":{"line":46,"column":6},"end":{"line":46,"column":15}}]}},"s":{"0":1,"1":1,"2":2,"3":2,"4":0,"5":1,"6":2,"7":2,"8":2,"9":2,"10":2,"11":0,"12":0,"13":1,"14":1,"15":3,"16":3,"17":0,"18":0,"19":0,"20":1,"21":1,"22":2,"23":2,"24":0,"25":1},"f":{"0":2,"1":2,"2":2,"3":2,"4":0,"5":0,"6":2,"7":2,"8":2,"9":3,"10":2},"b":{"0":[2,0],"1":[3,0],"2":[0,3],"3":[3,3],"4":[0,0],"5":[0,0],"6":[2,0],"7":[0,2],"8":[2,2]}}
,"D:\\HotelManagementSystem\\server\\src\\utils\\notificationLogging.ts": {"path":"D:\\HotelManagementSystem\\server\\src\\utils\\notificationLogging.ts","statementMap":{"0":{"start":{"line":1,"column":36},"end":{"line":21,"column":1}},"1":{"start":{"line":2,"column":2},"end":{"line":4,"column":3}},"2":{"start":{"line":3,"column":4},"end":{"line":3,"column":21}},"3":{"start":{"line":6,"column":2},"end":{"line":8,"column":3}},"4":{"start":{"line":7,"column":4},"end":{"line":7,"column":29}},"5":{"start":{"line":10,"column":2},"end":{"line":18,"column":3}},"6":{"start":{"line":11,"column":18},"end":{"line":11,"column":62}},"7":{"start":{"line":12,"column":4},"end":{"line":14,"column":5}},"8":{"start":{"line":13,"column":6},"end":{"line":13,"column":31}},"9":{"start":{"line":15,"column":4},"end":{"line":17,"column":5}},"10":{"start":{"line":16,"column":6},"end":{"line":16,"column":30}},"11":{"start":{"line":20,"column":2},"end":{"line":20,"column":19}},"12":{"start":{"line":1,"column":13},"end":{"line":1,"column":36}},"13":{"start":{"line":23,"column":36},"end":{"line":35,"column":1}},"14":{"start":{"line":24,"column":2},"end":{"line":32,"column":3}},"15":{"start":{"line":25,"column":18},"end":{"line":25,"column":65}},"16":{"start":{"line":26,"column":4},"end":{"line":28,"column":5}},"17":{"start":{"line":27,"column":6},"end":{"line":27,"column":31}},"18":{"start":{"line":29,"column":4},"end":{"line":31,"column":5}},"19":{"start":{"line":30,"column":6},"end":{"line":30,"column":30}},"20":{"start":{"line":34,"column":2},"end":{"line":34,"column":19}},"21":{"start":{"line":23,"column":13},"end":{"line":23,"column":36}}},"fnMap":{"0":{"name":"(anonymous_0)","decl":{"start":{"line":1,"column":36},"end":{"line":1,"column":37}},"loc":{"start":{"line":1,"column":67},"end":{"line":21,"column":1}}},"1":{"name":"(anonymous_1)","decl":{"start":{"line":23,"column":36},"end":{"line":23,"column":37}},"loc":{"start":{"line":23,"column":70},"end":{"line":35,"column":1}}}},"branchMap":{"0":{"loc":{"start":{"line":2,"column":2},"end":{"line":4,"column":3}},"type":"if","locations":[{"start":{"line":2,"column":2},"end":{"line":4,"column":3}},{"start":{},"end":{}}]},"1":{"loc":{"start":{"line":2,"column":6},"end":{"line":2,"column":51}},"type":"binary-expr","locations":[{"start":{"line":2,"column":6},"end":{"line":2,"column":24}},{"start":{"line":2,"column":28},"end":{"line":2,"column":51}}]},"2":{"loc":{"start":{"line":6,"column":2},"end":{"line":8,"column":3}},"type":"if","locations":[{"start":{"line":6,"column":2},"end":{"line":8,"column":3}},{"start":{},"end":{}}]},"3":{"loc":{"start":{"line":6,"column":6},"end":{"line":6,"column":102}},"type":"binary-expr","locations":[{"start":{"line":6,"column":6},"end":{"line":6,"column":35}},{"start":{"line":6,"column":39},"end":{"line":6,"column":68}},{"start":{"line":6,"column":72},"end":{"line":6,"column":102}}]},"4":{"loc":{"start":{"line":10,"column":2},"end":{"line":18,"column":3}},"type":"if","locations":[{"start":{"line":10,"column":2},"end":{"line":18,"column":3}},{"start":{},"end":{}}]},"5":{"loc":{"start":{"line":12,"column":4},"end":{"line":14,"column":5}},"type":"if","locations":[{"start":{"line":12,"column":4},"end":{"line":14,"column":5}},{"start":{},"end":{}}]},"6":{"loc":{"start":{"line":12,"column":8},"end":{"line":12,"column":53}},"type":"binary-expr","locations":[{"start":{"line":12,"column":8},"end":{"line":12,"column":31}},{"start":{"line":12,"column":35},"end":{"line":12,"column":53}}]},"7":{"loc":{"start":{"line":15,"column":4},"end":{"line":17,"column":5}},"type":"if","locations":[{"start":{"line":15,"column":4},"end":{"line":17,"column":5}},{"start":{},"end":{}}]},"8":{"loc":{"start":{"line":15,"column":8},"end":{"line":15,"column":51}},"type":"binary-expr","locations":[{"start":{"line":15,"column":8},"end":{"line":15,"column":30}},{"start":{"line":15,"column":34},"end":{"line":15,"column":51}}]},"9":{"loc":{"start":{"line":24,"column":2},"end":{"line":32,"column":3}},"type":"if","locations":[{"start":{"line":24,"column":2},"end":{"line":32,"column":3}},{"start":{},"end":{}}]},"10":{"loc":{"start":{"line":24,"column":6},"end":{"line":24,"column":54}},"type":"binary-expr","locations":[{"start":{"line":24,"column":6},"end":{"line":24,"column":18}},{"start":{"line":24,"column":22},"end":{"line":24,"column":54}}]},"11":{"loc":{"start":{"line":26,"column":4},"end":{"line":28,"column":5}},"type":"if","locations":[{"start":{"line":26,"column":4},"end":{"line":28,"column":5}},{"start":{},"end":{}}]},"12":{"loc":{"start":{"line":26,"column":8},"end":{"line":26,"column":53}},"type":"binary-expr","locations":[{"start":{"line":26,"column":8},"end":{"line":26,"column":31}},{"start":{"line":26,"column":35},"end":{"line":26,"column":53}}]},"13":{"loc":{"start":{"line":29,"column":4},"end":{"line":31,"column":5}},"type":"if","locations":[{"start":{"line":29,"column":4},"end":{"line":31,"column":5}},{"start":{},"end":{}}]},"14":{"loc":{"start":{"line":29,"column":8},"end":{"line":29,"column":51}},"type":"binary-expr","locations":[{"start":{"line":29,"column":8},"end":{"line":29,"column":30}},{"start":{"line":29,"column":34},"end":{"line":29,"column":51}}]}},"s":{"0":1,"1":5,"2":0,"3":5,"4":5,"5":0,"6":0,"7":0,"8":0,"9":0,"10":0,"11":0,"12":1,"13":1,"14":5,"15":5,"16":5,"17":5,"18":0,"19":0,"20":0,"21":1},"f":{"0":5,"1":5},"b":{"0":[0,5],"1":[5,5],"2":[5,0],"3":[5,0,0],"4":[0,0],"5":[0,0],"6":[0,0],"7":[0,0],"8":[0,0],"9":[5,0],"10":[5,5],"11":[5,0],"12":[5,5],"13":[0,0],"14":[0,0]}}
}
