TN:
SF:src\controllers\amenityController.ts
FN:4,(anonymous_8)
FN:4,(anonymous_9)
FN:14,(anonymous_10)
FN:14,(anonymous_11)
FN:23,(anonymous_12)
FN:23,(anonymous_13)
FN:39,(anonymous_14)
FN:39,(anonymous_15)
FNF:8
FNH:0
FNDA:0,(anonymous_8)
FNDA:0,(anonymous_9)
FNDA:0,(anonymous_10)
FNDA:0,(anonymous_11)
FNDA:0,(anonymous_12)
FNDA:0,(anonymous_13)
FNDA:0,(anonymous_14)
FNDA:0,(anonymous_15)
DA:2,2
DA:4,2
DA:5,0
DA:6,0
DA:7,0
DA:8,0
DA:10,0
DA:14,2
DA:15,0
DA:16,0
DA:17,0
DA:19,0
DA:23,2
DA:24,0
DA:25,0
DA:26,0
DA:28,0
DA:29,0
DA:30,0
DA:33,0
DA:35,0
DA:39,2
DA:40,0
DA:41,0
DA:42,0
DA:44,0
DA:45,0
DA:46,0
DA:49,0
DA:51,0
LF:30
LH:5
BRDA:28,0,0,0
BRDA:28,0,1,0
BRDA:44,1,0,0
BRDA:44,1,1,0
BRF:4
BRH:0
end_of_record
TN:
SF:src\controllers\bookingController.ts
FN:13,(anonymous_17)
FN:16,(anonymous_18)
FN:53,(anonymous_19)
FN:164,(anonymous_20)
FN:205,(anonymous_21)
FN:208,(anonymous_22)
FN:264,(anonymous_23)
FN:267,(anonymous_24)
FN:286,(anonymous_25)
FN:289,(anonymous_26)
FN:310,(anonymous_27)
FN:335,(anonymous_28)
FN:338,(anonymous_29)
FN:367,(anonymous_30)
FN:370,(anonymous_31)
FN:391,(anonymous_32)
FN:402,(anonymous_33)
FN:404,(anonymous_34)
FN:418,(anonymous_35)
FNF:19
FNH:10
FNDA:1,(anonymous_17)
FNDA:1,(anonymous_18)
FNDA:1,(anonymous_19)
FNDA:1,(anonymous_20)
FNDA:0,(anonymous_21)
FNDA:0,(anonymous_22)
FNDA:0,(anonymous_23)
FNDA:0,(anonymous_24)
FNDA:0,(anonymous_25)
FNDA:0,(anonymous_26)
FNDA:0,(anonymous_27)
FNDA:0,(anonymous_28)
FNDA:0,(anonymous_29)
FNDA:2,(anonymous_30)
FNDA:2,(anonymous_31)
FNDA:1,(anonymous_32)
FNDA:1,(anonymous_33)
FNDA:1,(anonymous_34)
FNDA:1,(anonymous_35)
DA:2,1
DA:3,1
DA:4,1
DA:5,1
DA:6,1
DA:7,1
DA:9,1
DA:10,1
DA:11,1
DA:13,1
DA:16,1
DA:17,1
DA:18,1
DA:19,1
DA:20,1
DA:31,1
DA:32,1
DA:34,1
DA:35,0
DA:36,0
DA:37,0
DA:38,0
DA:41,1
DA:42,0
DA:43,0
DA:44,0
DA:45,0
DA:48,1
DA:49,1
DA:52,1
DA:53,1
DA:56,1
DA:57,1
DA:59,1
DA:60,0
DA:65,0
DA:66,0
DA:67,0
DA:71,1
DA:72,1
DA:73,1
DA:76,1
DA:83,1
DA:84,0
DA:89,0
DA:90,0
DA:91,0
DA:96,1
DA:99,1
DA:100,1
DA:102,1
DA:103,0
DA:104,0
DA:108,1
DA:128,1
DA:131,1
DA:148,1
DA:151,1
DA:152,1
DA:154,1
DA:155,1
DA:163,1
DA:164,1
DA:166,1
DA:170,1
DA:179,1
DA:180,1
DA:183,1
DA:184,1
DA:190,1
DA:192,0
DA:195,1
DA:197,0
DA:198,0
DA:199,0
DA:200,0
DA:201,0
DA:205,1
DA:208,0
DA:209,0
DA:210,0
DA:211,0
DA:212,0
DA:213,0
DA:214,0
DA:215,0
DA:216,0
DA:217,0
DA:220,0
DA:221,0
DA:222,0
DA:226,0
DA:227,0
DA:230,0
DA:231,0
DA:240,0
DA:241,0
DA:244,0
DA:245,0
DA:251,0
DA:253,0
DA:256,0
DA:258,0
DA:259,0
DA:260,0
DA:264,1
DA:267,0
DA:268,0
DA:269,0
DA:270,0
DA:275,0
DA:276,0
DA:277,0
DA:280,0
DA:282,0
DA:286,1
DA:289,0
DA:290,0
DA:291,0
DA:292,0
DA:293,0
DA:294,0
DA:296,0
DA:298,0
DA:299,0
DA:302,0
DA:303,0
DA:310,0
DA:311,0
DA:312,0
DA:320,0
DA:331,0
DA:335,1
DA:338,0
DA:339,0
DA:340,0
DA:341,0
DA:342,0
DA:344,0
DA:345,0
DA:346,0
DA:352,0
DA:363,0
DA:367,1
DA:370,2
DA:371,2
DA:372,2
DA:373,2
DA:375,2
DA:376,2
DA:377,0
DA:378,0
DA:382,2
DA:383,2
DA:384,2
DA:387,2
DA:391,1
DA:394,1
DA:402,1
DA:404,2
DA:406,1
DA:407,1
DA:414,1
DA:418,1
DA:419,1
DA:425,2
DA:428,2
DA:429,0
DA:430,0
DA:434,2
DA:435,2
DA:436,2
DA:442,2
DA:444,0
DA:447,2
DA:448,2
DA:455,2
DA:457,0
LF:178
LH:86
BRDA:32,0,0,0
BRDA:32,0,1,1
BRDA:32,1,0,1
BRDA:32,1,1,1
BRDA:34,2,0,0
BRDA:34,2,1,1
BRDA:41,3,0,0
BRDA:41,3,1,1
BRDA:41,4,0,0
BRDA:41,4,1,1
BRDA:41,5,0,1
BRDA:41,5,1,1
BRDA:59,6,0,0
BRDA:59,6,1,1
BRDA:71,7,0,1
BRDA:71,7,1,0
BRDA:71,8,0,1
BRDA:71,8,1,1
BRDA:83,9,0,0
BRDA:83,9,1,1
BRDA:102,10,0,0
BRDA:102,10,1,1
BRDA:137,11,0,1
BRDA:137,11,1,0
BRDA:140,12,0,1
BRDA:140,12,1,0
BRDA:154,13,0,1
BRDA:154,13,1,0
BRDA:163,14,0,1
BRDA:163,14,1,0
BRDA:163,15,0,1
BRDA:163,15,1,1
BRDA:166,16,0,0
BRDA:166,16,1,1
BRDA:215,17,0,0
BRDA:215,17,1,0
BRDA:220,18,0,0
BRDA:220,18,1,0
BRDA:230,19,0,0
BRDA:230,19,1,0
BRDA:275,20,0,0
BRDA:275,20,1,0
BRDA:292,21,0,0
BRDA:292,21,1,0
BRDA:293,22,0,0
BRDA:293,22,1,0
BRDA:298,23,0,0
BRDA:298,23,1,0
BRDA:315,24,0,0
BRDA:315,24,1,0
BRDA:315,25,0,0
BRDA:315,25,1,0
BRDA:315,26,0,0
BRDA:315,26,1,0
BRDA:315,27,0,0
BRDA:315,27,1,0
BRDA:316,28,0,0
BRDA:316,28,1,0
BRDA:316,29,0,0
BRDA:316,29,1,0
BRDA:340,30,0,0
BRDA:340,30,1,0
BRDA:341,31,0,0
BRDA:341,31,1,0
BRDA:344,32,0,0
BRDA:344,32,1,0
BRDA:344,33,0,0
BRDA:344,33,1,0
BRDA:376,34,0,0
BRDA:376,34,1,2
BRDA:387,35,0,1
BRDA:387,35,1,1
BRDA:388,36,0,2
BRDA:388,36,1,1
BRDA:414,37,0,1
BRDA:414,37,1,0
BRDA:415,38,0,1
BRDA:415,38,1,1
BRDA:428,39,0,0
BRDA:428,39,1,2
BRDA:435,40,0,2
BRDA:435,40,1,2
BRDA:435,41,0,0
BRDA:435,41,1,2
BRDA:435,42,0,2
BRDA:435,42,1,2
BRDA:451,43,0,0
BRDA:451,43,1,2
BRDA:451,44,0,2
BRDA:451,44,1,2
BRDA:451,45,0,0
BRDA:451,45,1,2
BRDA:451,46,0,2
BRDA:451,46,1,2
BRDA:452,47,0,2
BRDA:452,47,1,0
BRDA:452,48,0,2
BRDA:452,48,1,2
BRF:98
BRH:44
end_of_record
TN:
SF:src\controllers\housekeepingController.ts
FN:9,(anonymous_8)
FN:9,(anonymous_9)
FN:56,(anonymous_10)
FN:67,(anonymous_11)
FN:67,(anonymous_12)
FN:110,(anonymous_13)
FN:110,(anonymous_14)
FN:145,(anonymous_15)
FN:145,(anonymous_16)
FNF:9
FNH:3
FNDA:0,(anonymous_8)
FNDA:0,(anonymous_9)
FNDA:1,(anonymous_10)
FNDA:0,(anonymous_11)
FNDA:0,(anonymous_12)
FNDA:1,(anonymous_13)
FNDA:1,(anonymous_14)
FNDA:0,(anonymous_15)
FNDA:0,(anonymous_16)
DA:2,1
DA:3,1
DA:5,1
DA:6,1
DA:7,1
DA:9,1
DA:10,0
DA:11,0
DA:12,0
DA:14,0
DA:15,0
DA:16,0
DA:18,0
DA:20,0
DA:21,0
DA:22,0
DA:25,0
DA:33,0
DA:34,0
DA:35,0
DA:38,0
DA:40,0
DA:44,0
DA:46,0
DA:47,0
DA:56,1
DA:57,1
DA:58,1
DA:67,1
DA:68,0
DA:69,0
DA:70,0
DA:72,0
DA:73,0
DA:74,0
DA:75,0
DA:78,0
DA:79,0
DA:82,0
DA:87,0
DA:88,0
DA:89,0
DA:95,0
DA:97,0
DA:100,0
DA:104,0
DA:106,0
DA:110,1
DA:111,1
DA:112,1
DA:113,1
DA:115,1
DA:116,1
DA:117,0
DA:118,0
DA:121,1
DA:122,1
DA:125,1
DA:126,0
DA:129,1
DA:132,1
DA:133,1
DA:135,1
DA:139,1
DA:141,0
DA:145,1
DA:146,0
DA:147,0
DA:148,0
DA:149,0
DA:150,0
DA:151,0
DA:152,0
DA:153,0
DA:156,0
DA:157,0
DA:164,0
DA:175,0
DA:176,0
LF:79
LH:25
BRDA:14,0,0,0
BRDA:14,0,1,0
BRDA:15,1,0,0
BRDA:15,1,1,0
BRDA:15,1,2,0
BRDA:15,2,0,0
BRDA:15,2,1,0
BRDA:15,3,0,0
BRDA:15,3,1,0
BRDA:16,4,0,0
BRDA:16,4,1,0
BRDA:20,5,0,0
BRDA:20,5,1,0
BRDA:29,6,0,0
BRDA:29,6,1,0
BRDA:33,7,0,0
BRDA:33,7,1,0
BRDA:49,8,0,0
BRDA:49,8,1,0
BRDA:50,9,0,0
BRDA:50,9,1,0
BRDA:57,10,0,1
BRDA:57,10,1,0
BRDA:73,11,0,0
BRDA:73,11,1,0
BRDA:88,12,0,0
BRDA:88,12,1,0
BRDA:88,13,0,0
BRDA:88,13,1,0
BRDA:88,14,0,0
BRDA:88,14,1,0
BRDA:116,15,0,0
BRDA:116,15,1,1
BRDA:122,16,0,0
BRDA:122,16,1,1
BRDA:125,17,0,0
BRDA:125,17,1,1
BRDA:132,18,0,1
BRDA:132,18,1,1
BRDA:132,19,0,1
BRDA:132,19,1,0
BRDA:148,20,0,0
BRDA:148,20,1,0
BRDA:149,21,0,0
BRDA:149,21,1,0
BRDA:152,22,0,0
BRDA:152,22,1,0
BRDA:168,23,0,0
BRDA:168,23,1,0
BRF:49
BRH:7
end_of_record
TN:
SF:src\controllers\reservationController.ts
FN:13,(anonymous_8)
FN:13,(anonymous_9)
FN:141,(anonymous_10)
FN:160,(anonymous_11)
FN:160,(anonymous_12)
FN:193,(anonymous_13)
FN:193,(anonymous_14)
FN:215,(anonymous_15)
FN:215,(anonymous_16)
FN:255,(anonymous_17)
FN:255,(anonymous_18)
FNF:11
FNH:5
FNDA:1,(anonymous_8)
FNDA:1,(anonymous_9)
FNDA:1,(anonymous_10)
FNDA:0,(anonymous_11)
FNDA:0,(anonymous_12)
FNDA:0,(anonymous_13)
FNDA:0,(anonymous_14)
FNDA:1,(anonymous_15)
FNDA:1,(anonymous_16)
FNDA:0,(anonymous_17)
FNDA:0,(anonymous_18)
DA:2,1
DA:5,1
DA:6,1
DA:7,1
DA:9,1
DA:10,1
DA:11,1
DA:13,1
DA:14,1
DA:15,1
DA:16,1
DA:17,1
DA:18,1
DA:19,1
DA:21,1
DA:22,0
DA:23,0
DA:24,0
DA:25,0
DA:28,1
DA:29,0
DA:30,0
DA:31,0
DA:32,0
DA:35,1
DA:36,0
DA:37,0
DA:38,0
DA:39,0
DA:42,1
DA:43,1
DA:45,1
DA:46,0
DA:47,0
DA:48,0
DA:49,0
DA:52,1
DA:53,0
DA:54,0
DA:55,0
DA:56,0
DA:60,1
DA:61,1
DA:62,0
DA:63,0
DA:64,0
DA:65,0
DA:69,1
DA:71,1
DA:72,0
DA:73,0
DA:74,0
DA:75,0
DA:78,1
DA:80,1
DA:83,1
DA:87,1
DA:88,1
DA:89,1
DA:91,1
DA:93,1
DA:95,1
DA:116,1
DA:117,1
DA:120,1
DA:121,1
DA:127,1
DA:129,0
DA:132,1
DA:134,0
DA:135,0
DA:136,0
DA:137,0
DA:141,1
DA:142,1
DA:145,1
DA:146,0
DA:151,1
DA:160,1
DA:161,0
DA:162,0
DA:163,0
DA:164,0
DA:166,0
DA:167,0
DA:168,0
DA:177,0
DA:178,0
DA:189,0
DA:193,1
DA:194,0
DA:195,0
DA:196,0
DA:197,0
DA:199,0
DA:207,0
DA:208,0
DA:210,0
DA:211,0
DA:215,1
DA:216,1
DA:217,1
DA:218,1
DA:220,1
DA:230,1
DA:231,0
DA:232,0
DA:236,1
DA:237,1
DA:239,1
DA:245,1
DA:247,0
DA:250,1
DA:252,0
DA:255,1
DA:256,0
DA:257,0
DA:258,0
DA:260,0
DA:262,0
DA:263,0
DA:264,0
DA:267,0
DA:268,0
DA:269,0
DA:272,0
DA:273,0
DA:276,0
DA:277,0
DA:284,0
DA:287,0
DA:293,0
DA:295,0
DA:296,0
LF:134
LH:58
BRDA:19,0,0,0
BRDA:19,0,1,1
BRDA:19,1,0,1
BRDA:19,1,1,1
BRDA:21,2,0,0
BRDA:21,2,1,1
BRDA:28,3,0,0
BRDA:28,3,1,1
BRDA:28,4,0,0
BRDA:28,4,1,1
BRDA:28,5,0,1
BRDA:28,5,1,1
BRDA:35,6,0,0
BRDA:35,6,1,1
BRDA:35,7,0,1
BRDA:35,7,1,1
BRDA:35,7,2,1
BRDA:35,7,3,1
BRDA:45,8,0,0
BRDA:45,8,1,1
BRDA:45,9,0,1
BRDA:45,9,1,1
BRDA:52,10,0,0
BRDA:52,10,1,1
BRDA:61,11,0,0
BRDA:61,11,1,1
BRDA:71,12,0,0
BRDA:71,12,1,1
BRDA:83,13,0,0
BRDA:83,13,1,1
BRDA:101,14,0,1
BRDA:101,14,1,1
BRDA:142,15,0,1
BRDA:142,15,1,0
BRDA:145,16,0,0
BRDA:145,16,1,1
BRDA:145,17,0,1
BRDA:145,17,1,0
BRDA:155,18,0,1
BRDA:155,18,1,1
BRDA:155,19,0,0
BRDA:155,19,1,1
BRDA:155,20,0,1
BRDA:155,20,1,1
BRDA:155,21,0,0
BRDA:155,21,1,1
BRDA:155,22,0,1
BRDA:155,22,1,1
BRDA:155,23,0,0
BRDA:155,23,1,1
BRDA:155,24,0,1
BRDA:155,24,1,1
BRDA:162,25,0,0
BRDA:162,25,1,0
BRDA:163,26,0,0
BRDA:163,26,1,0
BRDA:166,27,0,0
BRDA:166,27,1,0
BRDA:166,28,0,0
BRDA:166,28,1,0
BRDA:197,29,0,0
BRDA:197,29,1,0
BRDA:230,30,0,0
BRDA:230,30,1,1
BRDA:237,31,0,1
BRDA:237,31,1,1
BRDA:237,32,0,0
BRDA:237,32,1,1
BRDA:237,33,0,1
BRDA:237,33,1,1
BRDA:258,34,0,0
BRDA:258,34,1,0
BRDA:258,35,0,0
BRDA:258,35,1,0
BRDA:262,36,0,0
BRDA:262,36,1,0
BRDA:267,37,0,0
BRDA:267,37,1,0
BRF:78
BRH:42
end_of_record
TN:
SF:src\controllers\reviewController.ts
FN:6,(anonymous_8)
FN:6,(anonymous_9)
FN:10,(anonymous_10)
FN:19,(anonymous_11)
FN:19,(anonymous_12)
FN:44,(anonymous_13)
FN:44,(anonymous_14)
FN:54,(anonymous_15)
FN:54,(anonymous_16)
FN:83,(anonymous_17)
FN:83,(anonymous_18)
FN:111,(anonymous_19)
FN:111,(anonymous_20)
FNF:13
FNH:0
FNDA:0,(anonymous_8)
FNDA:0,(anonymous_9)
FNDA:0,(anonymous_10)
FNDA:0,(anonymous_11)
FNDA:0,(anonymous_12)
FNDA:0,(anonymous_13)
FNDA:0,(anonymous_14)
FNDA:0,(anonymous_15)
FNDA:0,(anonymous_16)
FNDA:0,(anonymous_17)
FNDA:0,(anonymous_18)
FNDA:0,(anonymous_19)
FNDA:0,(anonymous_20)
DA:2,2
DA:3,2
DA:6,2
DA:7,0
DA:8,0
DA:9,0
DA:10,0
DA:13,0
DA:19,2
DA:20,0
DA:21,0
DA:22,0
DA:24,0
DA:25,0
DA:26,0
DA:29,0
DA:36,0
DA:38,0
DA:40,0
DA:44,2
DA:45,0
DA:46,0
DA:47,0
DA:48,0
DA:50,0
DA:54,2
DA:55,0
DA:56,0
DA:57,0
DA:58,0
DA:60,0
DA:61,0
DA:62,0
DA:63,0
DA:66,0
DA:67,0
DA:68,0
DA:71,0
DA:72,0
DA:73,0
DA:75,0
DA:77,0
DA:79,0
DA:83,2
DA:84,0
DA:85,0
DA:86,0
DA:87,0
DA:89,0
DA:90,0
DA:91,0
DA:92,0
DA:95,0
DA:96,0
DA:97,0
DA:100,0
DA:101,0
DA:103,0
DA:105,0
DA:107,0
DA:111,2
DA:112,0
DA:113,0
DA:118,0
DA:120,0
LF:65
LH:8
BRDA:9,0,0,0
BRDA:9,0,1,0
BRDA:22,1,0,0
BRDA:22,1,1,0
BRDA:22,2,0,0
BRDA:22,2,1,0
BRDA:24,3,0,0
BRDA:24,3,1,0
BRDA:58,4,0,0
BRDA:58,4,1,0
BRDA:58,5,0,0
BRDA:58,5,1,0
BRDA:61,6,0,0
BRDA:61,6,1,0
BRDA:66,7,0,0
BRDA:66,7,1,0
BRDA:71,8,0,0
BRDA:71,8,1,0
BRDA:72,9,0,0
BRDA:72,9,1,0
BRDA:86,10,0,0
BRDA:86,10,1,0
BRDA:86,11,0,0
BRDA:86,11,1,0
BRDA:87,12,0,0
BRDA:87,12,1,0
BRDA:87,13,0,0
BRDA:87,13,1,0
BRDA:90,14,0,0
BRDA:90,14,1,0
BRDA:95,15,0,0
BRDA:95,15,1,0
BRDA:95,16,0,0
BRDA:95,16,1,0
BRF:34
BRH:0
end_of_record
TN:
SF:src\controllers\roomController.ts
FN:7,(anonymous_8)
FN:10,(anonymous_9)
FN:19,(anonymous_10)
FN:22,(anonymous_11)
FN:81,(anonymous_12)
FN:81,(anonymous_13)
FN:109,(anonymous_14)
FN:112,(anonymous_15)
FN:142,(anonymous_16)
FN:145,(anonymous_17)
FNF:10
FNH:2
FNDA:0,(anonymous_8)
FNDA:0,(anonymous_9)
FNDA:0,(anonymous_10)
FNDA:0,(anonymous_11)
FNDA:2,(anonymous_12)
FNDA:2,(anonymous_13)
FNDA:0,(anonymous_14)
FNDA:0,(anonymous_15)
FNDA:0,(anonymous_16)
FNDA:0,(anonymous_17)
DA:2,2
DA:3,2
DA:5,2
DA:7,2
DA:10,0
DA:11,0
DA:12,0
DA:13,0
DA:15,0
DA:19,2
DA:22,0
DA:23,0
DA:24,0
DA:26,0
DA:27,0
DA:28,0
DA:30,0
DA:31,0
DA:32,0
DA:35,0
DA:43,0
DA:46,0
DA:49,0
DA:50,0
DA:52,0
DA:53,0
DA:56,0
DA:57,0
DA:58,0
DA:59,0
DA:62,0
DA:68,0
DA:71,0
DA:77,0
DA:81,2
DA:82,2
DA:83,2
DA:84,2
DA:85,2
DA:87,2
DA:88,2
DA:94,2
DA:105,0
DA:109,2
DA:112,0
DA:113,0
DA:114,0
DA:115,0
DA:117,0
DA:123,0
DA:124,0
DA:125,0
DA:128,0
DA:136,0
DA:138,0
DA:142,2
DA:145,0
DA:146,0
DA:147,0
DA:150,0
DA:152,0
LF:61
LH:15
BRDA:30,0,0,0
BRDA:30,0,1,0
BRDA:30,1,0,0
BRDA:30,1,1,0
BRDA:30,1,2,0
BRDA:35,2,0,0
BRDA:35,2,1,0
BRDA:36,3,0,0
BRDA:36,3,1,0
BRDA:36,3,2,0
BRDA:36,3,3,0
BRDA:36,3,4,0
BRDA:36,3,5,0
BRDA:57,4,0,0
BRDA:57,4,1,0
BRDA:83,5,0,2
BRDA:83,5,1,2
BRDA:84,6,0,2
BRDA:84,6,1,2
BRDA:105,7,0,0
BRDA:105,7,1,0
BRDA:123,8,0,0
BRDA:123,8,1,0
BRDA:130,9,0,0
BRDA:130,9,1,0
BRDA:130,10,0,0
BRDA:130,10,1,0
BRDA:133,11,0,0
BRDA:133,11,1,0
BRF:29
BRH:4
end_of_record
TN:
SF:src\controllers\roomTypeController.ts
FN:5,(anonymous_8)
FN:5,(anonymous_9)
FN:26,(anonymous_10)
FN:29,(anonymous_11)
FN:33,(anonymous_12)
FN:39,(anonymous_13)
FN:52,(anonymous_14)
FN:52,(anonymous_15)
FN:98,(anonymous_16)
FN:98,(anonymous_17)
FN:102,(anonymous_18)
FN:103,(anonymous_19)
FN:104,(anonymous_20)
FN:105,(anonymous_21)
FN:121,(anonymous_22)
FN:121,(anonymous_23)
FN:134,(anonymous_24)
FN:135,(anonymous_25)
FN:136,(anonymous_26)
FN:137,(anonymous_27)
FN:146,(anonymous_28)
FN:146,(anonymous_29)
FN:175,(anonymous_30)
FN:189,(anonymous_31)
FN:192,(anonymous_32)
FN:197,(anonymous_33)
FN:217,(anonymous_34)
FN:217,(anonymous_35)
FNF:28
FNH:0
FNDA:0,(anonymous_8)
FNDA:0,(anonymous_9)
FNDA:0,(anonymous_10)
FNDA:0,(anonymous_11)
FNDA:0,(anonymous_12)
FNDA:0,(anonymous_13)
FNDA:0,(anonymous_14)
FNDA:0,(anonymous_15)
FNDA:0,(anonymous_16)
FNDA:0,(anonymous_17)
FNDA:0,(anonymous_18)
FNDA:0,(anonymous_19)
FNDA:0,(anonymous_20)
FNDA:0,(anonymous_21)
FNDA:0,(anonymous_22)
FNDA:0,(anonymous_23)
FNDA:0,(anonymous_24)
FNDA:0,(anonymous_25)
FNDA:0,(anonymous_26)
FNDA:0,(anonymous_27)
FNDA:0,(anonymous_28)
FNDA:0,(anonymous_29)
FNDA:0,(anonymous_30)
FNDA:0,(anonymous_31)
FNDA:0,(anonymous_32)
FNDA:0,(anonymous_33)
FNDA:0,(anonymous_34)
FNDA:0,(anonymous_35)
DA:2,2
DA:3,2
DA:5,2
DA:6,0
DA:7,0
DA:10,0
DA:11,0
DA:14,0
DA:17,0
DA:20,0
DA:21,0
DA:22,0
DA:23,0
DA:24,0
DA:26,0
DA:28,0
DA:29,0
DA:32,0
DA:33,0
DA:38,0
DA:39,0
DA:40,0
DA:43,0
DA:45,0
DA:46,0
DA:48,0
DA:52,2
DA:53,0
DA:54,0
DA:55,0
DA:56,0
DA:58,0
DA:59,0
DA:60,0
DA:61,0
DA:62,0
DA:63,0
DA:65,0
DA:67,0
DA:68,0
DA:74,0
DA:75,0
DA:76,0
DA:77,0
DA:80,0
DA:81,0
DA:83,0
DA:84,0
DA:85,0
DA:88,0
DA:98,0
DA:99,0
DA:100,0
DA:102,0
DA:103,0
DA:104,0
DA:105,0
DA:107,0
DA:110,0
DA:117,0
DA:121,2
DA:122,0
DA:123,0
DA:124,0
DA:126,0
DA:127,0
DA:128,0
DA:131,0
DA:132,0
DA:134,0
DA:135,0
DA:136,0
DA:137,0
DA:140,0
DA:142,0
DA:146,2
DA:147,0
DA:148,0
DA:149,0
DA:152,0
DA:153,0
DA:156,0
DA:159,0
DA:162,0
DA:165,0
DA:166,0
DA:169,0
DA:170,0
DA:174,0
DA:175,0
DA:176,0
DA:180,0
DA:181,0
DA:182,0
DA:184,0
DA:185,0
DA:187,0
DA:188,0
DA:189,0
DA:191,0
DA:192,0
DA:196,0
DA:197,0
DA:201,0
DA:204,0
DA:206,0
DA:207,0
DA:208,0
DA:211,0
DA:213,0
DA:217,2
DA:218,0
DA:219,0
DA:221,0
DA:223,0
DA:224,0
DA:225,0
DA:228,0
DA:230,0
LF:119
LH:7
BRDA:10,0,0,0
BRDA:10,0,1,0
BRDA:11,1,0,0
BRDA:11,1,1,0
BRDA:20,2,0,0
BRDA:20,2,1,0
BRDA:22,3,0,0
BRDA:22,3,1,0
BRDA:24,4,0,0
BRDA:24,4,1,0
BRDA:26,5,0,0
BRDA:26,5,1,0
BRDA:28,6,0,0
BRDA:28,6,1,0
BRDA:29,7,0,0
BRDA:29,7,1,0
BRDA:32,8,0,0
BRDA:32,8,1,0
BRDA:33,9,0,0
BRDA:33,9,1,0
BRDA:38,10,0,0
BRDA:38,10,1,0
BRDA:38,11,0,0
BRDA:38,11,1,0
BRDA:54,12,0,0
BRDA:54,12,1,0
BRDA:55,13,0,0
BRDA:55,13,1,0
BRDA:67,14,0,0
BRDA:67,14,1,0
BRDA:74,15,0,0
BRDA:74,15,1,0
BRDA:74,16,0,0
BRDA:74,16,1,0
BRDA:76,17,0,0
BRDA:76,17,1,0
BRDA:77,18,0,0
BRDA:77,18,1,0
BRDA:80,19,0,0
BRDA:80,19,1,0
BRDA:81,20,0,0
BRDA:81,20,1,0
BRDA:83,21,0,0
BRDA:83,21,1,0
BRDA:126,22,0,0
BRDA:126,22,1,0
BRDA:152,23,0,0
BRDA:152,23,1,0
BRDA:153,24,0,0
BRDA:153,24,1,0
BRDA:165,25,0,0
BRDA:165,25,1,0
BRDA:166,26,0,0
BRDA:166,26,1,0
BRDA:174,27,0,0
BRDA:174,27,1,0
BRDA:174,28,0,0
BRDA:174,28,1,0
BRDA:180,29,0,0
BRDA:180,29,1,0
BRDA:182,30,0,0
BRDA:182,30,1,0
BRDA:185,31,0,0
BRDA:185,31,1,0
BRDA:188,32,0,0
BRDA:188,32,1,0
BRDA:189,33,0,0
BRDA:189,33,1,0
BRDA:191,34,0,0
BRDA:191,34,1,0
BRDA:192,35,0,0
BRDA:192,35,1,0
BRDA:196,36,0,0
BRDA:196,36,1,0
BRDA:197,37,0,0
BRDA:197,37,1,0
BRDA:206,38,0,0
BRDA:206,38,1,0
BRDA:223,39,0,0
BRDA:223,39,1,0
BRF:80
BRH:0
end_of_record
TN:
SF:src\routes\bookingRoutes.ts
FNF:0
FNH:0
DA:1,1
DA:2,1
DA:3,1
DA:4,1
DA:5,1
DA:7,1
DA:9,1
DA:10,1
DA:11,1
DA:12,1
DA:13,1
DA:14,1
DA:16,1
LF:13
LH:13
BRF:0
BRH:0
end_of_record
TN:
SF:src\routes\housekeepingRoutes.ts
FNF:0
FNH:0
DA:1,1
DA:2,1
DA:3,1
DA:4,1
DA:5,1
DA:7,1
DA:9,1
DA:10,1
DA:11,1
DA:12,1
DA:14,1
LF:11
LH:11
BRF:0
BRH:0
end_of_record
TN:
SF:src\routes\reservationRoutes.ts
FNF:0
FNH:0
DA:1,1
DA:2,1
DA:9,1
DA:10,1
DA:11,1
DA:13,1
DA:15,1
DA:16,1
DA:17,1
DA:18,1
DA:19,1
DA:21,1
LF:12
LH:12
BRF:0
BRH:0
end_of_record
TN:
SF:src\routes\roomRoutes.ts
FNF:0
FNH:0
DA:1,2
DA:2,2
DA:8,2
DA:15,2
DA:22,2
DA:29,2
DA:30,2
DA:31,2
DA:32,2
DA:34,2
DA:37,2
DA:43,2
DA:44,2
DA:50,2
DA:58,2
DA:65,2
DA:66,2
DA:67,2
DA:74,2
DA:82,2
DA:83,2
DA:84,2
DA:85,2
DA:86,2
DA:89,2
DA:90,2
DA:96,2
DA:102,2
DA:103,2
DA:115,2
LF:30
LH:30
BRF:0
BRH:0
end_of_record
TN:
SF:src\types\enums.ts
FN:1,(anonymous_0)
FN:9,(anonymous_1)
FN:14,(anonymous_2)
FN:23,(anonymous_3)
FN:32,(anonymous_4)
FN:39,(anonymous_5)
FN:46,(anonymous_6)
FN:53,(anonymous_7)
FNF:8
FNH:8
FNDA:2,(anonymous_0)
FNDA:2,(anonymous_1)
FNDA:2,(anonymous_2)
FNDA:2,(anonymous_3)
FNDA:2,(anonymous_4)
FNDA:2,(anonymous_5)
FNDA:2,(anonymous_6)
FNDA:2,(anonymous_7)
DA:1,2
DA:2,2
DA:3,2
DA:4,2
DA:5,2
DA:6,2
DA:9,2
DA:10,2
DA:11,2
DA:14,2
DA:15,2
DA:16,2
DA:17,2
DA:18,2
DA:19,2
DA:20,2
DA:23,2
DA:24,2
DA:25,2
DA:26,2
DA:27,2
DA:28,2
DA:29,2
DA:32,2
DA:33,2
DA:34,2
DA:35,2
DA:36,2
DA:39,2
DA:40,2
DA:41,2
DA:42,2
DA:43,2
DA:46,2
DA:47,2
DA:48,2
DA:49,2
DA:50,2
DA:53,2
DA:54,2
DA:55,2
DA:56,2
DA:57,2
DA:58,2
DA:59,2
DA:60,2
LF:46
LH:46
BRDA:1,0,0,2
BRDA:1,0,1,2
BRDA:9,1,0,2
BRDA:9,1,1,2
BRDA:14,2,0,2
BRDA:14,2,1,2
BRDA:23,3,0,2
BRDA:23,3,1,2
BRDA:32,4,0,2
BRDA:32,4,1,2
BRDA:39,5,0,2
BRDA:39,5,1,2
BRDA:46,6,0,2
BRDA:46,6,1,2
BRDA:53,7,0,2
BRDA:53,7,1,2
BRF:16
BRH:16
end_of_record
TN:
SF:src\utils\mongooseSession.ts
FN:11,(anonymous_8)
FN:12,(anonymous_9)
FN:13,(anonymous_10)
FN:13,(anonymous_11)
FN:14,(anonymous_12)
FN:14,(anonymous_13)
FN:15,(anonymous_14)
FN:19,(anonymous_15)
FN:19,(anonymous_16)
FN:33,(anonymous_17)
FN:45,(anonymous_18)
FNF:11
FNH:9
FNDA:2,(anonymous_8)
FNDA:2,(anonymous_9)
FNDA:2,(anonymous_10)
FNDA:2,(anonymous_11)
FNDA:0,(anonymous_12)
FNDA:0,(anonymous_13)
FNDA:2,(anonymous_14)
FNDA:2,(anonymous_15)
FNDA:2,(anonymous_16)
FNDA:3,(anonymous_17)
FNDA:2,(anonymous_18)
DA:1,1
DA:11,2
DA:13,2
DA:14,0
DA:19,2
DA:20,2
DA:21,2
DA:23,2
DA:24,2
DA:27,0
DA:29,0
DA:33,1
DA:34,3
DA:35,3
DA:38,0
DA:39,0
DA:42,0
DA:45,1
DA:46,2
DA:47,2
DA:49,0
LF:21
LH:14
BRDA:23,0,0,2
BRDA:23,0,1,0
BRDA:34,1,0,3
BRDA:34,1,1,0
BRDA:34,2,0,0
BRDA:34,2,1,3
BRDA:34,3,0,3
BRDA:34,3,1,3
BRDA:38,4,0,0
BRDA:38,4,1,0
BRDA:38,5,0,0
BRDA:38,5,1,0
BRDA:46,6,0,2
BRDA:46,6,1,0
BRDA:46,7,0,0
BRDA:46,7,1,2
BRDA:46,8,0,2
BRDA:46,8,1,2
BRF:18
BRH:9
end_of_record
TN:
SF:src\utils\notificationLogging.ts
FN:1,(anonymous_0)
FN:23,(anonymous_1)
FNF:2
FNH:2
FNDA:5,(anonymous_0)
FNDA:5,(anonymous_1)
DA:1,1
DA:2,5
DA:3,0
DA:6,5
DA:7,5
DA:10,0
DA:11,0
DA:12,0
DA:13,0
DA:15,0
DA:16,0
DA:20,0
DA:23,1
DA:24,5
DA:25,5
DA:26,5
DA:27,5
DA:29,0
DA:30,0
DA:34,0
LF:20
LH:9
BRDA:2,0,0,0
BRDA:2,0,1,5
BRDA:2,1,0,5
BRDA:2,1,1,5
BRDA:6,2,0,5
BRDA:6,2,1,0
BRDA:6,3,0,5
BRDA:6,3,1,0
BRDA:6,3,2,0
BRDA:10,4,0,0
BRDA:10,4,1,0
BRDA:12,5,0,0
BRDA:12,5,1,0
BRDA:12,6,0,0
BRDA:12,6,1,0
BRDA:15,7,0,0
BRDA:15,7,1,0
BRDA:15,8,0,0
BRDA:15,8,1,0
BRDA:24,9,0,5
BRDA:24,9,1,0
BRDA:24,10,0,5
BRDA:24,10,1,5
BRDA:26,11,0,5
BRDA:26,11,1,0
BRDA:26,12,0,5
BRDA:26,12,1,5
BRDA:29,13,0,0
BRDA:29,13,1,0
BRDA:29,14,0,0
BRDA:29,14,1,0
BRF:31
BRH:11
end_of_record
